<?xml version="1.0" encoding="UTF-8"?>
<robot generator="Robot 7.4.2 (Python 3.13.7 on win32)" generated="2026-03-24T10:38:23.328583" rpa="false" schemaversion="5">
<suite id="s1" name="Browser Demo" source="C:\Users\paavo\Documents\GitHub\Hyte_FE\hyte-projekti\tests\tehtävä_2\browser_demo.robot">
<test id="s1-t1" name="Test Web Form" line="6">
<kw name="New Browser" owner="Browser">
<msg time="2026-03-24T10:38:23.591096" level="INFO">{"browser": "chromium", "headless": false, "chromiumSandbox": false, "devtools": false, "handleSIGHUP": true, "handleSIGINT": true, "handleSIGTERM": true, "slowMo": 0.0, "timeout": 30000.0, "tracesDir": "C:\\Users\\paavo\\Documents\\GitHub\\Hyte_FE\\hyte-projekti\\browser\\traces\\temp\\e11ac7cd-6036-4aba-9a57-b517bc8c4b65"}</msg>
<msg time="2026-03-24T10:38:23.620233" level="INFO">Starting Browser process C:\Users\paavo\Documents\GitHub\Hyte_FE\hyte-projekti\.venv\Lib\site-packages\Browser\wrapper\index.js using at 127.0.0.1:63620</msg>
<msg time="2026-03-24T10:38:24.993475" level="INFO">Successfully created browser with options: {"browser":"chromium","headless":false,"chromiumSandbox":false,"devtools":false,"handleSIGHUP":true,"handleSIGINT":true,"handleSIGTERM":true,"slowMo":0,"timeout":30000,"tracesDir":"C:\\Users\\paavo\\Documents\\GitHub\\Hyte_FE\\hyte-projekti\\browser\\traces\\temp\\e11ac7cd-6036-4aba-9a57-b517bc8c4b65"}</msg>
<arg>chromium</arg>
<arg>headless=No</arg>
<tag>BrowserControl</tag>
<tag>Setter</tag>
<doc>Create a new playwright Browser with specified options.</doc>
<status status="PASS" start="2026-03-24T10:38:23.590389" elapsed="1.403471"/>
</kw>
<kw name="New Page" owner="Browser">
<msg time="2026-03-24T10:38:25.368141" level="INFO">Successfully initialized new page object and opened url: https://www.selenium.dev/selenium/web/web-form.html</msg>
<msg time="2026-03-24T10:38:25.368283" level="INFO">No context was open. New context was automatically opened when this page is created.</msg>
<arg>https://www.selenium.dev/selenium/web/web-form.html</arg>
<tag>BrowserControl</tag>
<tag>Setter</tag>
<doc>Open a new Page.</doc>
<status status="PASS" start="2026-03-24T10:38:24.994520" elapsed="0.374044"/>
</kw>
<kw name="Get Title" owner="Browser">
<msg time="2026-03-24T10:38:25.391402" level="INFO">Title: 'Web form'</msg>
<arg>==</arg>
<arg>Web form</arg>
<tag>Assertion</tag>
<tag>Getter</tag>
<tag>PageContent</tag>
<doc>Returns the title of the current page.</doc>
<status status="PASS" start="2026-03-24T10:38:25.369014" elapsed="0.022604"/>
</kw>
<kw name="Type Text" owner="Browser">
<msg time="2026-03-24T10:38:25.393032" level="INFO">Types the text 'somebody@example.com' in the given field.</msg>
<arg>[name="my-text"]</arg>
<arg>${Username}</arg>
<arg>delay=0.1 s</arg>
<tag>PageContent</tag>
<tag>Setter</tag>
<doc>Types the given ``txt`` into the text field found by ``selector``.</doc>
<status status="PASS" start="2026-03-24T10:38:25.392061" elapsed="2.258721"/>
</kw>
<kw name="Type Secret" owner="Browser">
<arg>[name="my-password"]</arg>
<arg>$Password</arg>
<arg>delay=0.1 s</arg>
<tag>PageContent</tag>
<tag>Setter</tag>
<doc>Types the given secret from ``variable_name`` into the text field
found by ``selector``.</doc>
<status status="PASS" start="2026-03-24T10:38:27.651325" elapsed="1.370211"/>
</kw>
<kw name="Type Text" owner="Browser">
<msg time="2026-03-24T10:38:29.023262" level="INFO">Types the text 'Hello, Robot Framework!
How are you today?' in the given field.</msg>
<arg>[name="my-textarea"]</arg>
<arg>${Message}</arg>
<arg>delay=0.1 s</arg>
<tag>PageContent</tag>
<tag>Setter</tag>
<doc>Types the given ``txt`` into the text field found by ``selector``.</doc>
<status status="PASS" start="2026-03-24T10:38:29.022109" elapsed="4.766806"/>
</kw>
<kw name="Click With Options" owner="Browser">
<msg time="2026-03-24T10:38:33.791114" level="INFO">Clicks the element 'button'.</msg>
<arg>button</arg>
<arg>delay=2 s</arg>
<tag>PageContent</tag>
<tag>Setter</tag>
<doc>Simulates mouse click on the element found by ``selector``.</doc>
<status status="PASS" start="2026-03-24T10:38:33.789520" elapsed="2.093313"/>
</kw>
<kw name="Get Text" owner="Browser">
<msg time="2026-03-24T10:38:35.948522" level="INFO">Text: 'Received!'</msg>
<arg>id=message</arg>
<arg>==</arg>
<arg>Received!</arg>
<tag>Assertion</tag>
<tag>Getter</tag>
<tag>PageContent</tag>
<doc>Returns text attribute of the element found by ``selector``.</doc>
<status status="PASS" start="2026-03-24T10:38:35.884090" elapsed="0.064631"/>
</kw>
<status status="PASS" start="2026-03-24T10:38:23.589490" elapsed="12.359885"/>
</test>
<status status="PASS" start="2026-03-24T10:38:23.330108" elapsed="12.623851"/>
</suite>
<statistics>
<total>
<stat pass="1" fail="0" skip="0">All Tests</stat>
</total>
<tag>
</tag>
<suite>
<stat name="Browser Demo" id="s1" pass="1" fail="0" skip="0">Browser Demo</stat>
</suite>
</statistics>
<errors>
</errors>
</robot>
