<?xml version="1.0" encoding="UTF-8"?>
<robot generator="Robot 7.4.2 (Python 3.13.7 on win32)" generated="2026-04-20T12:09:53.504190" rpa="false" schemaversion="5">
<suite id="s1" name="Requests Demo3" source="C:\Users\paavo\Documents\GitHub\Hyte_FE\hyte-projekti\requests_demo3.robot">
<kw name="Authenticate as Admin" type="SETUP">
<kw name="Create Dictionary" owner="BuiltIn">
<msg time="2026-04-20T12:09:53.800079" level="INFO">${body} = {'username': 'admin', 'password': 'password123'}</msg>
<var>${body}</var>
<arg>username=admin</arg>
<arg>password=password123</arg>
<doc>Creates and returns a dictionary based on the given ``items``.</doc>
<status status="PASS" start="2026-04-20T12:09:53.799718" elapsed="0.000393"/>
</kw>
<kw name="POST" owner="RequestsLibrary">
<msg time="2026-04-20T12:09:54.591257" level="INFO">POST Request : url=https://restful-booker.herokuapp.com/auth 
 path_url=/auth 
 headers={'User-Agent': 'python-requests/2.32.5', 'Accept-Encoding': 'gzip, deflate', 'Accept': '*/*', 'Connection': 'keep-alive', 'Content-Length': '48', 'Content-Type': 'application/json'} 
 body=b'{"username": "admin", "password": "password123"}' 
 </msg>
<msg time="2026-04-20T12:09:54.591402" level="INFO">POST Response : url=https://restful-booker.herokuapp.com/auth 
 status=200, reason=OK 
 headers={'Content-Length': '27', 'Content-Type': 'application/json; charset=utf-8', 'Date': 'Mon, 20 Apr 2026 09:09:54 GMT', 'Etag': 'W/"1b-K343slN9evPWAbPkeqvC75Xv70A"', 'Nel': '{"report_to":"heroku-nel","response_headers":["Via"],"max_age":3600,"success_fraction":0.01,"failure_fraction":0.1}', 'Report-To': '{"group":"heroku-nel","endpoints":[{"url":"https://nel.heroku.com/reports?s=I7eKcBSeUTYiFCX8iL8mW0Y3cOqBr5v3V8IBdTHq8ok%3D\\u0026sid=c46efe9b-d3d2-4a0c-8c76-bfafa16c5add\\u0026ts=1776676194"}],"max_age":3600}', 'Reporting-Endpoints': 'heroku-nel="https://nel.heroku.com/reports?s=I7eKcBSeUTYiFCX8iL8mW0Y3cOqBr5v3V8IBdTHq8ok%3D&amp;sid=c46efe9b-d3d2-4a0c-8c76-bfafa16c5add&amp;ts=1776676194"', 'Server': 'Heroku', 'Via': '1.1 heroku-router', 'X-Powered-By': 'Express'} 
 body={"token":"86a53cbf7602195"} 
 </msg>
<msg time="2026-04-20T12:09:54.591544" level="INFO">${response} = &lt;Response [200]&gt;</msg>
<var>${response}</var>
<arg>url=https://restful-booker.herokuapp.com/auth</arg>
<arg>json=${body}</arg>
<doc>Sends a POST request.</doc>
<status status="PASS" start="2026-04-20T12:09:53.800202" elapsed="0.791367"/>
</kw>
<kw name="Log" owner="BuiltIn">
<msg time="2026-04-20T12:09:54.592281" level="INFO">{'token': '86a53cbf7602195'}</msg>
<arg>${response.json()}</arg>
<doc>Logs the given message with the given level.</doc>
<status status="PASS" start="2026-04-20T12:09:54.591720" elapsed="0.000600"/>
</kw>
<kw name="Set Variable" owner="BuiltIn">
<msg time="2026-04-20T12:09:54.592816" level="INFO">${token} = 86a53cbf7602195</msg>
<var>${token}</var>
<arg>${response.json()}[token]</arg>
<doc>Returns the given values which can then be assigned to a variables.</doc>
<status status="PASS" start="2026-04-20T12:09:54.592401" elapsed="0.000437"/>
</kw>
<kw name="Log" owner="BuiltIn">
<msg time="2026-04-20T12:09:54.593097" level="INFO">86a53cbf7602195</msg>
<arg>${token}</arg>
<doc>Logs the given message with the given level.</doc>
<status status="PASS" start="2026-04-20T12:09:54.592915" elapsed="0.000215"/>
</kw>
<kw name="Set Suite Variable" owner="BuiltIn">
<msg time="2026-04-20T12:09:54.593434" level="INFO">${token} = 86a53cbf7602195</msg>
<arg>${token}</arg>
<doc>Makes a variable available everywhere within the scope of the current suite.</doc>
<status status="PASS" start="2026-04-20T12:09:54.593212" elapsed="0.000253"/>
</kw>
<doc>Kirjaudutaan sisään ylläpitäjän oikeuksilla.
- Aluksi luodaan rakenne (Dictionary), joka sisältää käyttäjänimen ja salasanan
- body-rakenne annetaan POST metodille JSON-parametrina
- Palautteena tuleva JSON-rakenne tulostetaan lokitiedostoon
- JSON rakenteesta kaivetaan esiin token
- Token tulostetaan myös lokitiedostoon
- Lopuksi token tallennetaa testijoukon muuttujiin muita kutsuja varten</doc>
<status status="PASS" start="2026-04-20T12:09:53.798935" elapsed="0.794584"/>
</kw>
<test id="s1-t1" name="Get Bookings from Restful Booker" line="23">
<kw name="Create Dictionary" owner="BuiltIn">
<msg time="2026-04-20T12:09:54.595167" level="INFO">${body} = {'firstname': 'John'}</msg>
<var>${body}</var>
<arg>firstname=John</arg>
<doc>Creates and returns a dictionary based on the given ``items``.</doc>
<status status="PASS" start="2026-04-20T12:09:54.594632" elapsed="0.000572"/>
</kw>
<kw name="GET" owner="RequestsLibrary">
<msg time="2026-04-20T12:09:55.424817" level="INFO">GET Request : url=https://restful-booker.herokuapp.com/booking?firstname=John 
 path_url=/booking?firstname=John 
 headers={'User-Agent': 'python-requests/2.32.5', 'Accept-Encoding': 'gzip, deflate', 'Accept': '*/*', 'Connection': 'keep-alive'} 
 body=None 
 </msg>
<msg time="2026-04-20T12:09:55.425005" level="INFO">GET Response : url=https://restful-booker.herokuapp.com/booking?firstname=John 
 status=200, reason=OK 
 headers={'Content-Length': '23673', 'Content-Type': 'application/json; charset=utf-8', 'Date': 'Mon, 20 Apr 2026 09:09:54 GMT', 'Etag': 'W/"5c79-dyXdoxc/IRkq1SpaU1VSYz+AMDQ"', 'Nel': '{"report_to":"heroku-nel","response_headers":["Via"],"max_age":3600,"success_fraction":0.01,"failure_fraction":0.1}', 'Report-To': '{"group":"heroku-nel","endpoints":[{"url":"https://nel.heroku.com/reports?s=I7eKcBSeUTYiFCX8iL8mW0Y3cOqBr5v3V8IBdTHq8ok%3D\\u0026sid=c46efe9b-d3d2-4a0c-8c76-bfafa16c5add\\u0026ts=1776676194"}],"max_age":3600}', 'Reporting-Endpoints': 'heroku-nel="https://nel.heroku.com/reports?s=I7eKcBSeUTYiFCX8iL8mW0Y3cOqBr5v3V8IBdTHq8ok%3D&amp;sid=c46efe9b-d3d2-4a0c-8c76-bfafa16c5add&amp;ts=1776676194"', 'Server': 'Heroku', 'Via': '1.1 heroku-router', 'X-Powered-By': 'Express'} 
 body=[{"bookingid":11},{"bookingid":14},{"bookingid":17},{"bookingid":19},{"bookingid":22},{"bookingid":23},{"bookingid":28},{"bookingid":30},{"bookingid":35},{"bookingid":36},{"bookingid":41},{"bookingid":43},{"bookingid":47},{"bookingid":49},{"bookingid":53},{"bookingid":56},{"bookingid":58},{"bookingid":68},{"bookingid":72},{"bookingid":75},{"bookingid":78},{"bookingid":82},{"bookingid":84},{"bookingid":87},{"bookingid":89},{"bookingid":94},{"bookingid":95},{"bookingid":100},{"bookingid":102},{"bookingid":105},{"bookingid":108},{"bookingid":111},{"bookingid":115},{"bookingid":118},{"bookingid":121},{"bookingid":122},{"bookingid":127},{"bookingid":128},{"bookingid":130},{"bookingid":135},{"bookingid":142},{"bookingid":148},{"bookingid":149},{"bookingid":154},{"bookingid":155},{"bookingid":160},{"bookingid":163},{"bookingid":164},{"bookingid":169},{"bookingid":170},{"bookingid":172},{"bookingid":178},{"bookingid":180},{"bookingid":183},{"bookingid":187},{"bookingid":188},{"bookingid":193},{"bookingid":194},{"bookingid":199},{"bookingid":203},{"bookingid":206},{"bookingid":207},{"bookingid":212},{"bookingid":213},{"bookingid":218},{"bookingid":221},{"bookingid":226},{"bookingid":232},{"bookingid":237},{"bookingid":238},{"bookingid":243},{"bookingid":246},{"bookingid":247},{"bookingid":252},{"bookingid":254},{"bookingid":256},{"bookingid":260},{"bookingid":263},{"bookingid":266},{"bookingid":270},{"bookingid":271},{"bookingid":276},{"bookingid":277},{"bookingid":282},{"bookingid":286},{"bookingid":289},{"bookingid":291},{"bookingid":294},{"bookingid":298},{"bookingid":299},{"bookingid":300},{"bookingid":307},{"bookingid":313},{"bookingid":319},{"bookingid":320},{"bookingid":325},{"bookingid":326},{"bookingid":331},{"bookingid":333},{"bookingid":337},{"bookingid":340},{"bookingid":341},{"bookingid":345},{"bookingid":350},{"bookingid":351},{"bookingid":356},{"bookingid":357},{"bookingid":362},{"bookingid":366},{"bookingid":367},{"bookingid":372},{"bookingid":375},{"bookingid":378},{"bookingid":379},{"bookingid":384},{"bookingid":387},{"bookingid":388},{"bookingid":390},{"bookingid":396},{"bookingid":404},{"bookingid":419},{"bookingid":421},{"bookingid":425},{"bookingid":428},{"bookingid":429},{"bookingid":434},{"bookingid":435},{"bookingid":437},{"bookingid":441},{"bookingid":445},{"bookingid":448},{"bookingid":452},{"bookingid":453},{"bookingid":459},{"bookingid":460},{"bookingid":465},{"bookingid":468},{"bookingid":471},{"bookingid":473},{"bookingid":477},{"bookingid":478},{"bookingid":479},{"bookingid":486},{"bookingid":492},{"bookingid":498},{"bookingid":500},{"bookingid":505},{"bookingid":507},{"bookingid":511},{"bookingid":513},{"bookingid":517},{"bookingid":518},{"bookingid":521},{"bookingid":524},{"bookingid":526},{"bookingid":532},{"bookingid":534},{"bookingid":537},{"bookingid":542},{"bookingid":544},{"bookingid":548},{"bookingid":549},{"bookingid":554},{"bookingid":557},{"bookingid":560},{"bookingid":562},{"bookingid":565},{"bookingid":569},{"bookingid":570},{"bookingid":571},{"bookingid":579},{"bookingid":584},{"bookingid":590},{"bookingid":591},{"bookingid":596},{"bookingid":600},{"bookingid":602},{"bookingid":606},{"bookingid":609},{"bookingid":610},{"bookingid":612},{"bookingid":618},{"bookingid":619},{"bookingid":624},{"bookingid":625},{"bookingid":630},{"bookingid":633},{"bookingid":634},{"bookingid":639},{"bookingid":642},{"bookingid":644},{"bookingid":647},{"bookingid":651},{"bookingid":653},{"bookingid":656},{"bookingid":657},{"bookingid":665},{"bookingid":672},{"bookingid":674},{"bookingid":678},{"bookingid":680},{"bookingid":684},{"bookingid":687},{"bookingid":689},{"bookingid":693},{"bookingid":694},{"bookingid":696},{"bookingid":702},{"bookingid":705},{"bookingid":707},{"bookingid":708},{"bookingid":714},{"bookingid":717},{"bookingid":718},{"bookingid":723},{"bookingid":726},{"bookingid":729},{"bookingid":731},{"bookingid":735},{"bookingid":738},{"bookingid":739},{"bookingid":744},{"bookingid":747},{"bookingid":754},{"bookingid":761},{"bookingid":763},{"bookingid":768},{"bookingid":771},{"bookingid":772},{"bookingid":777},{"bookingid":779},{"bookingid":781},{"bookingid":787},{"bookingid":789},{"bookingid":793},{"bookingid":795},{"bookingid":798},{"bookingid":802},{"bookingid":804},{"bookingid":808},{"bookingid":811},{"bookingid":813},{"bookingid":817},{"bookingid":820},{"bookingid":821},{"bookingid":822},{"bookingid":830},{"bookingid":836},{"bookingid":842},{"bookingid":843},{"bookingid":848},{"bookingid":849},{"bookingid":854},{"bookingid":855},{"bookingid":859},{"bookingid":862},{"bookingid":864},{"bookingid":868},{"bookingid":869},{"bookingid":875},{"bookingid":877},{"bookingid":881},{"bookingid":882},{"bookingid":887},{"bookingid":890},{"bookingid":892},{"bookingid":897},{"bookingid":900},{"bookingid":903},{"bookingid":904},{"bookingid":908},{"bookingid":913},{"bookingid":914},{"bookingid":915},{"bookingid":922},{"bookingid":928},{"bookingid":934},{"bookingid":935},{"bookingid":940},{"bookingid":943},{"bookingid":946},{"bookingid":949},{"bookingid":952},{"bookingid":954},{"bookingid":956},{"bookingid":962},{"bookingid":963},{"bookingid":968},{"bookingid":969},{"bookingid":974},{"bookingid":975},{"bookingid":980},{"bookingid":983},{"bookingid":986},{"bookingid":988},{"bookingid":991},{"bookingid":995},{"bookingid":997},{"bookingid":1000},{"bookingid":1003},{"bookingid":1010},{"bookingid":1016},{"bookingid":1018},{"bookingid":1022},{"bookingid":1024},{"bookingid":1028},{"bookingid":1031},{"bookingid":1032},{"bookingid":1033},{"bookingid":1040},{"bookingid":1041},{"bookingid":1047},{"bookingid":1049},{"bookingid":1052},{"bookingid":1054},{"bookingid":1059},{"bookingid":1061},{"bookingid":1065},{"bookingid":1068},{"bookingid":1071},{"bookingid":1074},{"bookingid":1076},{"bookingid":1080},{"bookingid":1081},{"bookingid":1085},{"bookingid":1087},{"bookingid":1093},{"bookingid":1100},{"bookingid":1104},{"bookingid":1106},{"bookingid":1109},{"bookingid":1113},{"bookingid":1115},{"bookingid":1119},{"bookingid":1121},{"bookingid":1123},{"bookingid":1125},{"bookingid":1131},{"bookingid":1132},{"bookingid":1137},{"bookingid":1138},{"bookingid":1143},{"bookingid":1146},{"bookingid":1147},{"bookingid":1152},{"bookingid":1155},{"bookingid":1158},{"bookingid":1159},{"bookingid":1165},{"bookingid":1168},{"bookingid":1169},{"bookingid":1170},{"bookingid":1178},{"bookingid":1183},{"bookingid":1189},{"bookingid":1190},{"bookingid":1195},{"bookingid":1198},{"bookingid":1200},{"bookingid":1204},{"bookingid":1205},{"bookingid":1206},{"bookingid":1213},{"bookingid":1216},{"bookingid":1217},{"bookingid":1221},{"bookingid":1224},{"bookingid":1228},{"bookingid":1230},{"bookingid":1233},{"bookingid":1237},{"bookingid":1240},{"bookingid":1242},{"bookingid":1246},{"bookingid":1247},{"bookingid":1252},{"bookingid":1253},{"bookingid":1258},{"bookingid":1264},{"bookingid":1270},{"bookingid":1271},{"bookingid":1276},{"bookingid":1277},{"bookingid":1279},{"bookingid":1285},{"bookingid":1287},{"bookingid":1290},{"bookingid":1293},{"bookingid":1297},{"bookingid":1299},{"bookingid":1303},{"bookingid":1305},{"bookingid":1308},{"bookingid":1312},{"bookingid":1313},{"bookingid":1318},{"bookingid":1321},{"bookingid":1324},{"bookingid":1327},{"bookingid":1329},{"bookingid":1333},{"bookingid":1334},{"bookingid":1339},{"bookingid":1341},{"bookingid":1348},{"bookingid":1354},{"bookingid":1355},{"bookingid":1360},{"bookingid":1361},{"bookingid":1366},{"bookingid":1369},{"bookingid":1370},{"bookingid":1373},{"bookingid":1378},{"bookingid":1379},{"bookingid":1384},{"bookingid":1385},{"bookingid":1390},{"bookingid":1391},{"bookingid":1396},{"bookingid":1399},{"bookingid":1401},{"bookingid":1405},{"bookingid":1408},{"bookingid":1411},{"bookingid":1413},{"bookingid":1416},{"bookingid":1417},{"bookingid":1422},{"bookingid":1424},{"bookingid":1430},{"bookingid":1436},{"bookingid":1441},{"bookingid":1442},{"bookingid":1447},{"bookingid":1450},{"bookingid":1452},{"bookingid":1455},{"bookingid":1458},{"bookingid":1460},{"bookingid":1463},{"bookingid":1468},{"bookingid":1469},{"bookingid":1474},{"bookingid":1477},{"bookingid":1479},{"bookingid":1483},{"bookingid":1484},{"bookingid":1489},{"bookingid":1492},{"bookingid":1495},{"bookingid":1498},{"bookingid":1500},{"bookingid":1502},{"bookingid":1506},{"bookingid":1507},{"bookingid":1514},{"bookingid":1520},{"bookingid":1525},{"bookingid":1526},{"bookingid":1531},{"bookingid":1534},{"bookingid":1537},{"bookingid":1538},{"bookingid":1543},{"bookingid":1544},{"bookingid":1546},{"bookingid":1552},{"bookingid":1553},{"bookingid":1558},{"bookingid":1559},{"bookingid":1564},{"bookingid":1566},{"bookingid":1569},{"bookingid":1573},{"bookingid":1576},{"bookingid":1579},{"bookingid":1580},{"bookingid":1585},{"bookingid":1587},{"bookingid":1588},{"bookingid":1594},{"bookingid":1600},{"bookingid":1606},{"bookingid":1608},{"bookingid":1612},{"bookingid":1614},{"bookingid":1618},{"bookingid":1620},{"bookingid":1623},{"bookingid":1627},{"bookingid":1628},{"bookingid":1629},{"bookingid":1636},{"bookingid":1637},{"bookingid":1642},{"bookingid":1643},{"bookingid":1648},{"bookingid":1649},{"bookingid":1654},{"bookingid":1657},{"bookingid":1660},{"bookingid":1663},{"bookingid":1664},{"bookingid":1669},{"bookingid":1670},{"bookingid":1674},{"bookingid":1677},{"bookingid":1683},{"bookingid":1689},{"bookingid":1693},{"bookingid":1695},{"bookingid":1699},{"bookingid":1702},{"bookingid":1704},{"bookingid":1708},{"bookingid":1709},{"bookingid":1710},{"bookingid":1717},{"bookingid":1720},{"bookingid":1721},{"bookingid":1726},{"bookingid":1727},{"bookingid":1732},{"bookingid":1735},{"bookingid":1736},{"bookingid":1741},{"bookingid":1744},{"bookingid":1746},{"bookingid":1749},{"bookingid":1752},{"bookingid":1753},{"bookingid":1757},{"bookingid":1764},{"bookingid":1770},{"bookingid":1773},{"bookingid":1776},{"bookingid":1780},{"bookingid":1783},{"bookingid":1786},{"bookingid":1789},{"bookingid":1793},{"bookingid":1796},{"booki... (set the log level to DEBUG or TRACE to see the full content) 
 </msg>
<msg time="2026-04-20T12:09:55.425667" level="INFO">${response} = &lt;Response [200]&gt;</msg>
<var>${response}</var>
<arg>https://restful-booker.herokuapp.com/booking</arg>
<arg>${body}</arg>
<doc>Sends a GET request.</doc>
<status status="PASS" start="2026-04-20T12:09:54.595549" elapsed="0.830147"/>
</kw>
<kw name="Status Should Be" owner="RequestsLibrary">
<arg>200</arg>
<doc>Fails if response status code is different than the expected.</doc>
<status status="PASS" start="2026-04-20T12:09:55.426199" elapsed="0.000230"/>
</kw>
<kw name="Log List" owner="Collections">
<msg time="2026-04-20T12:09:55.430187" level="INFO">List length is 1263 and it contains following items:
0: {'bookingid': 11}
1: {'bookingid': 14}
2: {'bookingid': 17}
3: {'bookingid': 19}
4: {'bookingid': 22}
5: {'bookingid': 23}
6: {'bookingid': 28}
7: {'bookingid': 30}
8: {'bookingid': 35}
9: {'bookingid': 36}
10: {'bookingid': 41}
11: {'bookingid': 43}
12: {'bookingid': 47}
13: {'bookingid': 49}
14: {'bookingid': 53}
15: {'bookingid': 56}
16: {'bookingid': 58}
17: {'bookingid': 68}
18: {'bookingid': 72}
19: {'bookingid': 75}
20: {'bookingid': 78}
21: {'bookingid': 82}
22: {'bookingid': 84}
23: {'bookingid': 87}
24: {'bookingid': 89}
25: {'bookingid': 94}
26: {'bookingid': 95}
27: {'bookingid': 100}
28: {'bookingid': 102}
29: {'bookingid': 105}
30: {'bookingid': 108}
31: {'bookingid': 111}
32: {'bookingid': 115}
33: {'bookingid': 118}
34: {'bookingid': 121}
35: {'bookingid': 122}
36: {'bookingid': 127}
37: {'bookingid': 128}
38: {'bookingid': 130}
39: {'bookingid': 135}
40: {'bookingid': 142}
41: {'bookingid': 148}
42: {'bookingid': 149}
43: {'bookingid': 154}
44: {'bookingid': 155}
45: {'bookingid': 160}
46: {'bookingid': 163}
47: {'bookingid': 164}
48: {'bookingid': 169}
49: {'bookingid': 170}
50: {'bookingid': 172}
51: {'bookingid': 178}
52: {'bookingid': 180}
53: {'bookingid': 183}
54: {'bookingid': 187}
55: {'bookingid': 188}
56: {'bookingid': 193}
57: {'bookingid': 194}
58: {'bookingid': 199}
59: {'bookingid': 203}
60: {'bookingid': 206}
61: {'bookingid': 207}
62: {'bookingid': 212}
63: {'bookingid': 213}
64: {'bookingid': 218}
65: {'bookingid': 221}
66: {'bookingid': 226}
67: {'bookingid': 232}
68: {'bookingid': 237}
69: {'bookingid': 238}
70: {'bookingid': 243}
71: {'bookingid': 246}
72: {'bookingid': 247}
73: {'bookingid': 252}
74: {'bookingid': 254}
75: {'bookingid': 256}
76: {'bookingid': 260}
77: {'bookingid': 263}
78: {'bookingid': 266}
79: {'bookingid': 270}
80: {'bookingid': 271}
81: {'bookingid': 276}
82: {'bookingid': 277}
83: {'bookingid': 282}
84: {'bookingid': 286}
85: {'bookingid': 289}
86: {'bookingid': 291}
87: {'bookingid': 294}
88: {'bookingid': 298}
89: {'bookingid': 299}
90: {'bookingid': 300}
91: {'bookingid': 307}
92: {'bookingid': 313}
93: {'bookingid': 319}
94: {'bookingid': 320}
95: {'bookingid': 325}
96: {'bookingid': 326}
97: {'bookingid': 331}
98: {'bookingid': 333}
99: {'bookingid': 337}
100: {'bookingid': 340}
101: {'bookingid': 341}
102: {'bookingid': 345}
103: {'bookingid': 350}
104: {'bookingid': 351}
105: {'bookingid': 356}
106: {'bookingid': 357}
107: {'bookingid': 362}
108: {'bookingid': 366}
109: {'bookingid': 367}
110: {'bookingid': 372}
111: {'bookingid': 375}
112: {'bookingid': 378}
113: {'bookingid': 379}
114: {'bookingid': 384}
115: {'bookingid': 387}
116: {'bookingid': 388}
117: {'bookingid': 390}
118: {'bookingid': 396}
119: {'bookingid': 404}
120: {'bookingid': 419}
121: {'bookingid': 421}
122: {'bookingid': 425}
123: {'bookingid': 428}
124: {'bookingid': 429}
125: {'bookingid': 434}
126: {'bookingid': 435}
127: {'bookingid': 437}
128: {'bookingid': 441}
129: {'bookingid': 445}
130: {'bookingid': 448}
131: {'bookingid': 452}
132: {'bookingid': 453}
133: {'bookingid': 459}
134: {'bookingid': 460}
135: {'bookingid': 465}
136: {'bookingid': 468}
137: {'bookingid': 471}
138: {'bookingid': 473}
139: {'bookingid': 477}
140: {'bookingid': 478}
141: {'bookingid': 479}
142: {'bookingid': 486}
143: {'bookingid': 492}
144: {'bookingid': 498}
145: {'bookingid': 500}
146: {'bookingid': 505}
147: {'bookingid': 507}
148: {'bookingid': 511}
149: {'bookingid': 513}
150: {'bookingid': 517}
151: {'bookingid': 518}
152: {'bookingid': 521}
153: {'bookingid': 524}
154: {'bookingid': 526}
155: {'bookingid': 532}
156: {'bookingid': 534}
157: {'bookingid': 537}
158: {'bookingid': 542}
159: {'bookingid': 544}
160: {'bookingid': 548}
161: {'bookingid': 549}
162: {'bookingid': 554}
163: {'bookingid': 557}
164: {'bookingid': 560}
165: {'bookingid': 562}
166: {'bookingid': 565}
167: {'bookingid': 569}
168: {'bookingid': 570}
169: {'bookingid': 571}
170: {'bookingid': 579}
171: {'bookingid': 584}
172: {'bookingid': 590}
173: {'bookingid': 591}
174: {'bookingid': 596}
175: {'bookingid': 600}
176: {'bookingid': 602}
177: {'bookingid': 606}
178: {'bookingid': 609}
179: {'bookingid': 610}
180: {'bookingid': 612}
181: {'bookingid': 618}
182: {'bookingid': 619}
183: {'bookingid': 624}
184: {'bookingid': 625}
185: {'bookingid': 630}
186: {'bookingid': 633}
187: {'bookingid': 634}
188: {'bookingid': 639}
189: {'bookingid': 642}
190: {'bookingid': 644}
191: {'bookingid': 647}
192: {'bookingid': 651}
193: {'bookingid': 653}
194: {'bookingid': 656}
195: {'bookingid': 657}
196: {'bookingid': 665}
197: {'bookingid': 672}
198: {'bookingid': 674}
199: {'bookingid': 678}
200: {'bookingid': 680}
201: {'bookingid': 684}
202: {'bookingid': 687}
203: {'bookingid': 689}
204: {'bookingid': 693}
205: {'bookingid': 694}
206: {'bookingid': 696}
207: {'bookingid': 702}
208: {'bookingid': 705}
209: {'bookingid': 707}
210: {'bookingid': 708}
211: {'bookingid': 714}
212: {'bookingid': 717}
213: {'bookingid': 718}
214: {'bookingid': 723}
215: {'bookingid': 726}
216: {'bookingid': 729}
217: {'bookingid': 731}
218: {'bookingid': 735}
219: {'bookingid': 738}
220: {'bookingid': 739}
221: {'bookingid': 744}
222: {'bookingid': 747}
223: {'bookingid': 754}
224: {'bookingid': 761}
225: {'bookingid': 763}
226: {'bookingid': 768}
227: {'bookingid': 771}
228: {'bookingid': 772}
229: {'bookingid': 777}
230: {'bookingid': 779}
231: {'bookingid': 781}
232: {'bookingid': 787}
233: {'bookingid': 789}
234: {'bookingid': 793}
235: {'bookingid': 795}
236: {'bookingid': 798}
237: {'bookingid': 802}
238: {'bookingid': 804}
239: {'bookingid': 808}
240: {'bookingid': 811}
241: {'bookingid': 813}
242: {'bookingid': 817}
243: {'bookingid': 820}
244: {'bookingid': 821}
245: {'bookingid': 822}
246: {'bookingid': 830}
247: {'bookingid': 836}
248: {'bookingid': 842}
249: {'bookingid': 843}
250: {'bookingid': 848}
251: {'bookingid': 849}
252: {'bookingid': 854}
253: {'bookingid': 855}
254: {'bookingid': 859}
255: {'bookingid': 862}
256: {'bookingid': 864}
257: {'bookingid': 868}
258: {'bookingid': 869}
259: {'bookingid': 875}
260: {'bookingid': 877}
261: {'bookingid': 881}
262: {'bookingid': 882}
263: {'bookingid': 887}
264: {'bookingid': 890}
265: {'bookingid': 892}
266: {'bookingid': 897}
267: {'bookingid': 900}
268: {'bookingid': 903}
269: {'bookingid': 904}
270: {'bookingid': 908}
271: {'bookingid': 913}
272: {'bookingid': 914}
273: {'bookingid': 915}
274: {'bookingid': 922}
275: {'bookingid': 928}
276: {'bookingid': 934}
277: {'bookingid': 935}
278: {'bookingid': 940}
279: {'bookingid': 943}
280: {'bookingid': 946}
281: {'bookingid': 949}
282: {'bookingid': 952}
283: {'bookingid': 954}
284: {'bookingid': 956}
285: {'bookingid': 962}
286: {'bookingid': 963}
287: {'bookingid': 968}
288: {'bookingid': 969}
289: {'bookingid': 974}
290: {'bookingid': 975}
291: {'bookingid': 980}
292: {'bookingid': 983}
293: {'bookingid': 986}
294: {'bookingid': 988}
295: {'bookingid': 991}
296: {'bookingid': 995}
297: {'bookingid': 997}
298: {'bookingid': 1000}
299: {'bookingid': 1003}
300: {'bookingid': 1010}
301: {'bookingid': 1016}
302: {'bookingid': 1018}
303: {'bookingid': 1022}
304: {'bookingid': 1024}
305: {'bookingid': 1028}
306: {'bookingid': 1031}
307: {'bookingid': 1032}
308: {'bookingid': 1033}
309: {'bookingid': 1040}
310: {'bookingid': 1041}
311: {'bookingid': 1047}
312: {'bookingid': 1049}
313: {'bookingid': 1052}
314: {'bookingid': 1054}
315: {'bookingid': 1059}
316: {'bookingid': 1061}
317: {'bookingid': 1065}
318: {'bookingid': 1068}
319: {'bookingid': 1071}
320: {'bookingid': 1074}
321: {'bookingid': 1076}
322: {'bookingid': 1080}
323: {'bookingid': 1081}
324: {'bookingid': 1085}
325: {'bookingid': 1087}
326: {'bookingid': 1093}
327: {'bookingid': 1100}
328: {'bookingid': 1104}
329: {'bookingid': 1106}
330: {'bookingid': 1109}
331: {'bookingid': 1113}
332: {'bookingid': 1115}
333: {'bookingid': 1119}
334: {'bookingid': 1121}
335: {'bookingid': 1123}
336: {'bookingid': 1125}
337: {'bookingid': 1131}
338: {'bookingid': 1132}
339: {'bookingid': 1137}
340: {'bookingid': 1138}
341: {'bookingid': 1143}
342: {'bookingid': 1146}
343: {'bookingid': 1147}
344: {'bookingid': 1152}
345: {'bookingid': 1155}
346: {'bookingid': 1158}
347: {'bookingid': 1159}
348: {'bookingid': 1165}
349: {'bookingid': 1168}
350: {'bookingid': 1169}
351: {'bookingid': 1170}
352: {'bookingid': 1178}
353: {'bookingid': 1183}
354: {'bookingid': 1189}
355: {'bookingid': 1190}
356: {'bookingid': 1195}
357: {'bookingid': 1198}
358: {'bookingid': 1200}
359: {'bookingid': 1204}
360: {'bookingid': 1205}
361: {'bookingid': 1206}
362: {'bookingid': 1213}
363: {'bookingid': 1216}
364: {'bookingid': 1217}
365: {'bookingid': 1221}
366: {'bookingid': 1224}
367: {'bookingid': 1228}
368: {'bookingid': 1230}
369: {'bookingid': 1233}
370: {'bookingid': 1237}
371: {'bookingid': 1240}
372: {'bookingid': 1242}
373: {'bookingid': 1246}
374: {'bookingid': 1247}
375: {'bookingid': 1252}
376: {'bookingid': 1253}
377: {'bookingid': 1258}
378: {'bookingid': 1264}
379: {'bookingid': 1270}
380: {'bookingid': 1271}
381: {'bookingid': 1276}
382: {'bookingid': 1277}
383: {'bookingid': 1279}
384: {'bookingid': 1285}
385: {'bookingid': 1287}
386: {'bookingid': 1290}
387: {'bookingid': 1293}
388: {'bookingid': 1297}
389: {'bookingid': 1299}
390: {'bookingid': 1303}
391: {'bookingid': 1305}
392: {'bookingid': 1308}
393: {'bookingid': 1312}
394: {'bookingid': 1313}
395: {'bookingid': 1318}
396: {'bookingid': 1321}
397: {'bookingid': 1324}
398: {'bookingid': 1327}
399: {'bookingid': 1329}
400: {'bookingid': 1333}
401: {'bookingid': 1334}
402: {'bookingid': 1339}
403: {'bookingid': 1341}
404: {'bookingid': 1348}
405: {'bookingid': 1354}
406: {'bookingid': 1355}
407: {'bookingid': 1360}
408: {'bookingid': 1361}
409: {'bookingid': 1366}
410: {'bookingid': 1369}
411: {'bookingid': 1370}
412: {'bookingid': 1373}
413: {'bookingid': 1378}
414: {'bookingid': 1379}
415: {'bookingid': 1384}
416: {'bookingid': 1385}
417: {'bookingid': 1390}
418: {'bookingid': 1391}
419: {'bookingid': 1396}
420: {'bookingid': 1399}
421: {'bookingid': 1401}
422: {'bookingid': 1405}
423: {'bookingid': 1408}
424: {'bookingid': 1411}
425: {'bookingid': 1413}
426: {'bookingid': 1416}
427: {'bookingid': 1417}
428: {'bookingid': 1422}
429: {'bookingid': 1424}
430: {'bookingid': 1430}
431: {'bookingid': 1436}
432: {'bookingid': 1441}
433: {'bookingid': 1442}
434: {'bookingid': 1447}
435: {'bookingid': 1450}
436: {'bookingid': 1452}
437: {'bookingid': 1455}
438: {'bookingid': 1458}
439: {'bookingid': 1460}
440: {'bookingid': 1463}
441: {'bookingid': 1468}
442: {'bookingid': 1469}
443: {'bookingid': 1474}
444: {'bookingid': 1477}
445: {'bookingid': 1479}
446: {'bookingid': 1483}
447: {'bookingid': 1484}
448: {'bookingid': 1489}
449: {'bookingid': 1492}
450: {'bookingid': 1495}
451: {'bookingid': 1498}
452: {'bookingid': 1500}
453: {'bookingid': 1502}
454: {'bookingid': 1506}
455: {'bookingid': 1507}
456: {'bookingid': 1514}
457: {'bookingid': 1520}
458: {'bookingid': 1525}
459: {'bookingid': 1526}
460: {'bookingid': 1531}
461: {'bookingid': 1534}
462: {'bookingid': 1537}
463: {'bookingid': 1538}
464: {'bookingid': 1543}
465: {'bookingid': 1544}
466: {'bookingid': 1546}
467: {'bookingid': 1552}
468: {'bookingid': 1553}
469: {'bookingid': 1558}
470: {'bookingid': 1559}
471: {'bookingid': 1564}
472: {'bookingid': 1566}
473: {'bookingid': 1569}
474: {'bookingid': 1573}
475: {'bookingid': 1576}
476: {'bookingid': 1579}
477: {'bookingid': 1580}
478: {'bookingid': 1585}
479: {'bookingid': 1587}
480: {'bookingid': 1588}
481: {'bookingid': 1594}
482: {'bookingid': 1600}
483: {'bookingid': 1606}
484: {'bookingid': 1608}
485: {'bookingid': 1612}
486: {'bookingid': 1614}
487: {'bookingid': 1618}
488: {'bookingid': 1620}
489: {'bookingid': 1623}
490: {'bookingid': 1627}
491: {'bookingid': 1628}
492: {'bookingid': 1629}
493: {'bookingid': 1636}
494: {'bookingid': 1637}
495: {'bookingid': 1642}
496: {'bookingid': 1643}
497: {'bookingid': 1648}
498: {'bookingid': 1649}
499: {'bookingid': 1654}
500: {'bookingid': 1657}
501: {'bookingid': 1660}
502: {'bookingid': 1663}
503: {'bookingid': 1664}
504: {'bookingid': 1669}
505: {'bookingid': 1670}
506: {'bookingid': 1674}
507: {'bookingid': 1677}
508: {'bookingid': 1683}
509: {'bookingid': 1689}
510: {'bookingid': 1693}
511: {'bookingid': 1695}
512: {'bookingid': 1699}
513: {'bookingid': 1702}
514: {'bookingid': 1704}
515: {'bookingid': 1708}
516: {'bookingid': 1709}
517: {'bookingid': 1710}
518: {'bookingid': 1717}
519: {'bookingid': 1720}
520: {'bookingid': 1721}
521: {'bookingid': 1726}
522: {'bookingid': 1727}
523: {'bookingid': 1732}
524: {'bookingid': 1735}
525: {'bookingid': 1736}
526: {'bookingid': 1741}
527: {'bookingid': 1744}
528: {'bookingid': 1746}
529: {'bookingid': 1749}
530: {'bookingid': 1752}
531: {'bookingid': 1753}
532: {'bookingid': 1757}
533: {'bookingid': 1764}
534: {'bookingid': 1770}
535: {'bookingid': 1773}
536: {'bookingid': 1776}
537: {'bookingid': 1780}
538: {'bookingid': 1783}
539: {'bookingid': 1786}
540: {'bookingid': 1789}
541: {'bookingid': 1793}
542: {'bookingid': 1796}
543: {'bookingid': 1797}
544: {'bookingid': 1798}
545: {'bookingid': 1805}
546: {'bookingid': 1806}
547: {'bookingid': 1811}
548: {'bookingid': 1812}
549: {'bookingid': 1817}
550: {'bookingid': 1820}
551: {'bookingid': 1821}
552: {'bookingid': 1826}
553: {'bookingid': 1829}
554: {'bookingid': 1830}
555: {'bookingid': 1835}
556: {'bookingid': 1838}
557: {'bookingid': 1839}
558: {'bookingid': 1843}
559: {'bookingid': 1846}
560: {'bookingid': 1852}
561: {'bookingid': 1858}
562: {'bookingid': 1861}
563: {'bookingid': 1864}
564: {'bookingid': 1867}
565: {'bookingid': 1871}
566: {'bookingid': 1874}
567: {'bookingid': 1875}
568: {'bookingid': 1879}
569: {'bookingid': 1880}
570: {'bookingid': 1883}
571: {'bookingid': 1889}
572: {'bookingid': 1890}
573: {'bookingid': 1895}
574: {'bookingid': 1896}
575: {'bookingid': 1901}
576: {'bookingid': 1904}
577: {'bookingid': 1905}
578: {'bookingid': 1910}
579: {'bookingid': 1913}
580: {'bookingid': 1916}
581: {'bookingid': 1917}
582: {'bookingid': 1921}
583: {'bookingid': 1924}
584: {'bookingid': 1926}
585: {'bookingid': 1929}
586: {'bookingid': 1936}
587: {'bookingid': 1942}
588: {'bookingid': 1946}
589: {'bookingid': 1948}
590: {'bookingid': 1952}
591: {'bookingid': 1955}
592: {'bookingid': 1957}
593: {'bookingid': 1960}
594: {'bookingid': 1964}
595: {'bookingid': 1965}
596: {'bookingid': 1966}
597: {'bookingid': 1973}
598: {'bookingid': 1975}
599: {'bookingid': 1978}
600: {'bookingid': 1982}
601: {'bookingid': 1984}
602: {'bookingid': 1988}
603: {'bookingid': 1989}
604: {'bookingid': 1994}
605: {'bookingid': 1997}
606: {'bookingid': 2000}
607: {'bookingid': 2001}
608: {'bookingid': 2004}
609: {'bookingid': 2010}
610: {'bookingid': 2011}
611: {'bookingid': 2016}
612: {'bookingid': 2022}
613: {'bookingid': 2028}
614: {'bookingid': 2029}
615: {'bookingid': 2034}
616: {'bookingid': 2035}
617: {'bookingid': 2040}
618: {'bookingid': 2043}
619: {'bookingid': 2045}
620: {'bookingid': 2046}
621: {'bookingid': 2048}
622: {'bookingid': 2052}
623: {'bookingid': 2058}
624: {'bookingid': 2060}
625: {'bookingid': 2064}
626: {'bookingid': 2066}
627: {'bookingid': 2069}
628: {'bookingid': 2073}
629: {'bookingid': 2075}
630: {'bookingid': 2079}
631: {'bookingid': 2082}
632: {'bookingid': 2085}
633: {'bookingid': 2089}
634: {'bookingid': 2091}
635: {'bookingid': 2094}
636: {'bookingid': 2095}
637: {'bookingid': 2097}
638: {'bookingid': 2104}
639: {'bookingid': 2110}
640: {'bookingid': 2117}
641: {'bookingid': 2119}
642: {'bookingid': 2123}
643: {'bookingid': 2126}
644: {'bookingid': 2129}
645: {'bookingid': 2131}
646: {'bookingid': 2134}
647: {'bookingid': 2136}
648: {'bookingid': 2138}
649: {'bookingid': 2144}
650: {'bookingid': 2145}
651: {'bookingid': 2150}
652: {'bookingid': 2151}
653: {'bookingid': 2156}
654: {'bookingid': 2158}
655: {'bookingid': 2162}
656: {'bookingid': 2165}
657: {'bookingid': 2168}
658: {'bookingid': 2169}
659: {'bookingid': 2174}
660: {'bookingid': 2175}
661: {'bookingid': 2179}
662: {'bookingid': 2183}
663: {'bookingid': 2189}
664: {'bookingid': 2195}
665: {'bookingid': 2196}
666: {'bookingid': 2201}
667: {'bookingid': 2202}
668: {'bookingid': 2207}
669: {'bookingid': 2208}
670: {'bookingid': 2213}
671: {'bookingid': 2215}
672: {'bookingid': 2216}
673: {'bookingid': 2217}
674: {'bookingid': 2225}
675: {'bookingid': 2228}
676: {'bookingid': 2229}
677: {'bookingid': 2233}
678: {'bookingid': 2236}
679: {'bookingid': 2240}
680: {'bookingid': 2244}
681: {'bookingid': 2245}
682: {'bookingid': 2250}
683: {'bookingid': 2253}
684: {'bookingid': 2256}
685: {'bookingid': 2258}
686: {'bookingid': 2261}
687: {'bookingid': 2262}
688: {'bookingid': 2268}
689: {'bookingid': 2270}
690: {'bookingid': 2273}
691: {'bookingid': 2279}
692: {'bookingid': 2285}
693: {'bookingid': 2289}
694: {'bookingid': 2292}
695: {'bookingid': 2295}
696: {'bookingid': 2296}
697: {'bookingid': 2300}
698: {'bookingid': 2303}
699: {'bookingid': 2304}
700: {'bookingid': 2310}
701: {'bookingid': 2311}
702: {'bookingid': 2316}
703: {'bookingid': 2318}
704: {'bookingid': 2321}
705: {'bookingid': 2325}
706: {'bookingid': 2327}
707: {'bookingid': 2331}
708: {'bookingid': 2334}
709: {'bookingid': 2337}
710: {'bookingid': 2339}
711: {'bookingid': 2343}
712: {'bookingid': 2344}
713: {'bookingid': 2349}
714: {'bookingid': 2350}
715: {'bookingid': 2359}
716: {'bookingid': 2365}
717: {'bookingid': 2366}
718: {'bookingid': 2371}
719: {'bookingid': 2372}
720: {'bookingid': 2377}
721: {'bookingid': 2379}
722: {'bookingid': 2383}
723: {'bookingid': 2385}
724: {'bookingid': 2388}
725: {'bookingid': 2389}
726: {'bookingid': 2390}
727: {'bookingid': 2398}
728: {'bookingid': 2400}
729: {'bookingid': 2403}
730: {'bookingid': 2406}
731: {'bookingid': 2410}
732: {'bookingid': 2413}
733: {'bookingid': 2414}
734: {'bookingid': 2419}
735: {'bookingid': 2422}
736: {'bookingid': 2425}
737: {'bookingid': 2426}
738: {'bookingid': 2431}
739: {'bookingid': 2432}
740: {'bookingid': 2437}
741: {'bookingid': 2438}
742: {'bookingid': 2443}
743: {'bookingid': 2449}
744: {'bookingid': 2455}
745: {'bookingid': 2456}
746: {'bookingid': 2461}
747: {'bookingid': 2464}
748: {'bookingid': 2466}
749: {'bookingid': 2470}
750: {'bookingid': 2472}
751: {'bookingid': 2475}
752: {'bookingid': 2476}
753: {'bookingid': 2482}
754: {'bookingid': 2483}
755: {'bookingid': 2488}
756: {'bookingid': 2489}
757: {'bookingid': 2494}
758: {'bookingid': 2497}
759: {'bookingid': 2498}
760: {'bookingid': 2503}
761: {'bookingid': 2506}
762: {'bookingid': 2509}
763: {'bookingid': 2511}
764: {'bookingid': 2514}
765: {'bookingid': 2516}
766: {'bookingid': 2520}
767: {'bookingid': 2523}
768: {'bookingid': 2529}
769: {'bookingid': 2534}
770: {'bookingid': 2539}
771: {'bookingid': 2540}
772: {'bookingid': 2545}
773: {'bookingid': 2548}
774: {'bookingid': 2551}
775: {'bookingid': 2552}
776: {'bookingid': 2555}
777: {'bookingid': 2557}
778: {'bookingid': 2561}
779: {'bookingid': 2566}
780: {'bookingid': 2567}
781: {'bookingid': 2572}
782: {'bookingid': 2573}
783: {'bookingid': 2578}
784: {'bookingid': 2581}
785: {'bookingid': 2583}
786: {'bookingid': 2587}
787: {'bookingid': 2590}
788: {'bookingid': 2593}
789: {'bookingid': 2594}
790: {'bookingid': 2599}
791: {'bookingid': 2601}
792: {'bookingid': 2605}
793: {'bookingid': 2606}
794: {'bookingid': 2611}
795: {'bookingid': 2617}
796: {'bookingid': 2623}
797: {'bookingid': 2624}
798: {'bookingid': 2629}
799: {'bookingid': 2631}
800: {'bookingid': 2634}
801: {'bookingid': 2638}
802: {'bookingid': 2639}
803: {'bookingid': 2641}
804: {'bookingid': 2647}
805: {'bookingid': 2648}
806: {'bookingid': 2653}
807: {'bookingid': 2654}
808: {'bookingid': 2660}
809: {'bookingid': 2663}
810: {'bookingid': 2667}
811: {'bookingid': 2670}
812: {'bookingid': 2671}
813: {'bookingid': 2674}
814: {'bookingid': 2679}
815: {'bookingid': 2680}
816: {'bookingid': 2685}
817: {'bookingid': 2693}
818: {'bookingid': 2699}
819: {'bookingid': 2701}
820: {'bookingid': 2704}
821: {'bookingid': 2708}
822: {'bookingid': 2710}
823: {'bookingid': 2713}
824: {'bookingid': 2717}
825: {'bookingid': 2719}
826: {'bookingid': 2721}
827: {'bookingid': 2724}
828: {'bookingid': 2726}
829: {'bookingid': 2728}
830: {'bookingid': 2734}
831: {'bookingid': 2739}
832: {'bookingid': 2740}
833: {'bookingid': 2745}
834: {'bookingid': 2746}
835: {'bookingid': 2753}
836: {'bookingid': 2755}
837: {'bookingid': 2759}
838: {'bookingid': 2762}
839: {'bookingid': 2765}
840: {'bookingid': 2768}
841: {'bookingid': 2769}
842: {'bookingid': 2771}
843: {'bookingid': 2777}
844: {'bookingid': 2778}
845: {'bookingid': 2783}
846: {'bookingid': 2789}
847: {'bookingid': 2795}
848: {'bookingid': 2796}
849: {'bookingid': 2801}
850: {'bookingid': 2802}
851: {'bookingid': 2808}
852: {'bookingid': 2811}
853: {'bookingid': 2813}
854: {'bookingid': 2814}
855: {'bookingid': 2818}
856: {'bookingid': 2822}
857: {'bookingid': 2826}
858: {'bookingid': 2827}
859: {'bookingid': 2833}
860: {'bookingid': 2834}
861: {'bookingid': 2839}
862: {'bookingid': 2840}
863: {'bookingid': 2845}
864: {'bookingid': 2848}
865: {'bookingid': 2851}
866: {'bookingid': 2852}
867: {'bookingid': 2857}
868: {'bookingid': 2858}
869: {'bookingid': 2859}
870: {'bookingid': 2867}
871: {'bookingid': 2873}
872: {'bookingid': 2878}
873: {'bookingid': 2879}
874: {'bookingid': 2884}
875: {'bookingid': 2885}
876: {'bookingid': 2890}
877: {'bookingid': 2891}
878: {'bookingid': 2896}
879: {'bookingid': 2897}
880: {'bookingid': 2902}
881: {'bookingid': 2903}
882: {'bookingid': 2904}
883: {'bookingid': 2911}
884: {'bookingid': 2913}
885: {'bookingid': 2918}
886: {'bookingid': 2919}
887: {'bookingid': 2923}
888: {'bookingid': 2927}
889: {'bookingid': 2928}
890: {'bookingid': 2933}
891: {'bookingid': 2936}
892: {'bookingid': 2939}
893: {'bookingid': 2942}
894: {'bookingid': 2943}
895: {'bookingid': 2946}
896: {'bookingid': 2950}
897: {'bookingid': 2954}
898: {'bookingid': 2955}
899: {'bookingid': 2961}
900: {'bookingid': 2967}
901: {'bookingid': 2972}
902: {'bookingid': 2975}
903: {'bookingid': 2979}
904: {'bookingid': 2980}
905: {'bookingid': 2985}
906: {'bookingid': 2986}
907: {'bookingid': 2987}
908: {'bookingid': 2994}
909: {'bookingid': 2996}
910: {'bookingid': 2999}
911: {'bookingid': 3003}
912: {'bookingid': 3004}
913: {'bookingid': 3009}
914: {'bookingid': 3010}
915: {'bookingid': 3015}
916: {'bookingid': 3018}
917: {'bookingid': 3021}
918: {'bookingid': 3022}
919: {'bookingid': 3027}
920: {'bookingid': 3028}
921: {'bookingid': 3029}
922: {'bookingid': 3036}
923: {'bookingid': 3042}
924: {'bookingid': 3048}
925: {'bookingid': 3049}
926: {'bookingid': 3054}
927: {'bookingid': 3055}
928: {'bookingid': 3060}
929: {'bookingid': 3061}
930: {'bookingid': 3066}
931: {'bookingid': 3067}
932: {'bookingid': 3071}
933: {'bookingid': 3072}
934: {'bookingid': 3073}
935: {'bookingid': 3081}
936: {'bookingid': 3083}
937: {'bookingid': 3086}
938: {'bookingid': 3088}
939: {'bookingid': 3093}
940: {'bookingid': 3096}
941: {'bookingid': 3097}
942: {'bookingid': 3103}
943: {'bookingid': 3106}
944: {'bookingid': 3109}
945: {'bookingid': 3110}
946: {'bookingid': 3115}
947: {'bookingid': 3117}
948: {'bookingid': 3120}
949: {'bookingid': 3123}
950: {'bookingid': 3129}
951: {'bookingid': 3135}
952: {'bookingid': 3139}
953: {'bookingid': 3140}
954: {'bookingid': 3145}
955: {'bookingid': 3148}
956: {'bookingid': 3149}
957: {'bookingid': 3154}
958: {'bookingid': 3155}
959: {'bookingid': 3157}
960: {'bookingid': 3162}
961: {'bookingid': 3166}
962: {'bookingid': 3168}
963: {'bookingid': 3171}
964: {'bookingid': 3174}
965: {'bookingid': 3178}
966: {'bookingid': 3179}
967: {'bookingid': 3184}
968: {'bookingid': 3187}
969: {'bookingid': 3189}
970: {'bookingid': 3193}
971: {'bookingid': 3196}
972: {'bookingid': 3197}
973: {'bookingid': 3199}
974: {'bookingid': 3205}
975: {'bookingid': 3210}
976: {'bookingid': 3216}
977: {'bookingid': 3219}
978: {'bookingid': 3222}
979: {'bookingid': 3225}
980: {'bookingid': 3228}
981: {'bookingid': 3231}
982: {'bookingid': 3235}
983: {'bookingid': 3237}
984: {'bookingid': 3238}
985: {'bookingid': 3241}
986: {'bookingid': 3247}
987: {'bookingid': 3250}
988: {'bookingid': 3251}
989: {'bookingid': 3256}
990: {'bookingid': 3257}
991: {'bookingid': 3262}
992: {'bookingid': 3264}
993: {'bookingid': 3267}
994: {'bookingid': 3271}
995: {'bookingid': 3275}
996: {'bookingid': 3278}
997: {'bookingid': 3279}
998: {'bookingid': 3284}
999: {'bookingid': 3285}
1000: {'bookingid': 3287}
1001: {'bookingid': 3293}
1002: {'bookingid': 3299}
1003: {'bookingid': 3306}
1004: {'bookingid': 3308}
1005: {'bookingid': 3312}
1006: {'bookingid': 3314}
1007: {'bookingid': 3318}
1008: {'bookingid': 3321}
1009: {'bookingid': 3323}
1010: {'bookingid': 3325}
1011: {'bookingid': 3330}
1012: {'bookingid': 3331}
1013: {'bookingid': 3336}
1014: {'bookingid': 3337}
1015: {'bookingid': 3342}
1016: {'bookingid': 3344}
1017: {'bookingid': 3348}
1018: {'bookingid': 3351}
1019: {'bookingid': 3352}
1020: {'bookingid': 3357}
1021: {'bookingid': 3360}
1022: {'bookingid': 3363}
1023: {'bookingid': 3364}
1024: {'bookingid': 3369}
1025: {'bookingid': 3372}
1026: {'bookingid': 3373}
1027: {'bookingid': 3375}
1028: {'bookingid': 3381}
1029: {'bookingid': 3387}
1030: {'bookingid': 3393}
1031: {'bookingid': 3395}
1032: {'bookingid': 3399}
1033: {'bookingid': 3402}
1034: {'bookingid': 3405}
1035: {'bookingid': 3406}
1036: {'bookingid': 3408}
1037: {'bookingid': 3409}
1038: {'bookingid': 3417}
1039: {'bookingid': 3420}
1040: {'bookingid': 3422}
1041: {'bookingid': 3426}
1042: {'bookingid': 3428}
1043: {'bookingid': 3432}
1044: {'bookingid': 3433}
1045: {'bookingid': 3438}
1046: {'bookingid': 3441}
1047: {'bookingid': 3444}
1048: {'bookingid': 3446}
1049: {'bookingid': 3450}
1050: {'bookingid': 3452}
1051: {'bookingid': 3455}
1052: {'bookingid': 3457}
1053: {'bookingid': 3462}
1054: {'bookingid': 3468}
1055: {'bookingid': 3474}
1056: {'bookingid': 3475}
1057: {'bookingid': 3480}
1058: {'bookingid': 3481}
1059: {'bookingid': 3486}
1060: {'bookingid': 3489}
1061: {'bookingid': 3491}
1062: {'bookingid': 3494}
1063: {'bookingid': 3495}
1064: {'bookingid': 3501}
1065: {'bookingid': 3504}
1066: {'bookingid': 3506}
1067: {'bookingid': 3510}
1068: {'bookingid': 3511}
1069: {'bookingid': 3516}
1070: {'bookingid': 3517}
1071: {'bookingid': 3522}
1072: {'bookingid': 3525}
1073: {'bookingid': 3529}
1074: {'bookingid': 3531}
1075: {'bookingid': 3535}
1076: {'bookingid': 3536}
1077: {'bookingid': 3539}
1078: {'bookingid': 3544}
1079: {'bookingid': 3550}
1080: {'bookingid': 3556}
1081: {'bookingid': 3558}
1082: {'bookingid': 3562}
1083: {'bookingid': 3564}
1084: {'bookingid': 3568}
1085: {'bookingid': 3569}
1086: {'bookingid': 3573}
1087: {'bookingid': 3576}
1088: {'bookingid': 3580}
1089: {'bookingid': 3581}
1090: {'bookingid': 3582}
1091: {'bookingid': 3589}
1092: {'bookingid': 3591}
1093: {'bookingid': 3595}
1094: {'bookingid': 3596}
1095: {'bookingid': 3601}
1096: {'bookingid': 3604}
1097: {'bookingid': 3605}
1098: {'bookingid': 3610}
1099: {'bookingid': 3613}
1100: {'bookingid': 3614}
1101: {'bookingid': 3619}
1102: {'bookingid': 3622}
1103: {'bookingid': 3623}
1104: {'bookingid': 3624}
1105: {'bookingid': 3631}
1106: {'bookingid': 3637}
1107: {'bookingid': 3643}
1108: {'bookingid': 3645}
1109: {'bookingid': 3649}
1110: {'bookingid': 3651}
1111: {'bookingid': 3655}
1112: {'bookingid': 3658}
1113: {'bookingid': 3659}
1114: {'bookingid': 3661}
1115: {'bookingid': 3664}
1116: {'bookingid': 3670}
1117: {'bookingid': 3673}
1118: {'bookingid': 3674}
1119: {'bookingid': 3679}
1120: {'bookingid': 3681}
1121: {'bookingid': 3685}
1122: {'bookingid': 3686}
1123: {'bookingid': 3691}
1124: {'bookingid': 3694}
1125: {'bookingid': 3697}
1126: {'bookingid': 3698}
1127: {'bookingid': 3703}
1128: {'bookingid': 3707}
1129: {'bookingid': 3708}
1130: {'bookingid': 3711}
1131: {'bookingid': 3716}
1132: {'bookingid': 3722}
1133: {'bookingid': 3728}
1134: {'bookingid': 3730}
1135: {'bookingid': 3734}
1136: {'bookingid': 3735}
1137: {'bookingid': 3741}
1138: {'bookingid': 3743}
1139: {'bookingid': 3747}
1140: {'bookingid': 3748}
1141: {'bookingid': 3750}
1142: {'bookingid': 3755}
1143: {'bookingid': 3759}
1144: {'bookingid': 3760}
1145: {'bookingid': 3762}
1146: {'bookingid': 3767}
1147: {'bookingid': 3772}
1148: {'bookingid': 3776}
1149: {'bookingid': 3778}
1150: {'bookingid': 3784}
1151: {'bookingid': 3789}
1152: {'bookingid': 3790}
1153: {'bookingid': 3795}
1154: {'bookingid': 3797}
1155: {'bookingid': 3800}
1156: {'bookingid': 3801}
1157: {'bookingid': 3806}
1158: {'bookingid': 3812}
1159: {'bookingid': 3818}
1160: {'bookingid': 3822}
1161: {'bookingid': 3824}
1162: {'bookingid': 3828}
1163: {'bookingid': 3833}
1164: {'bookingid': 3834}
1165: {'bookingid': 3838}
1166: {'bookingid': 3841}
1167: {'bookingid': 3842}
1168: {'bookingid': 3848}
1169: {'bookingid': 3849}
1170: {'bookingid': 3853}
1171: {'bookingid': 3857}
1172: {'bookingid': 3858}
1173: {'bookingid': 3862}
1174: {'bookingid': 3865}
1175: {'bookingid': 3869}
1176: {'bookingid': 3872}
1177: {'bookingid': 3875}
1178: {'bookingid': 3876}
1179: {'bookingid': 3881}
1180: {'bookingid': 3882}
1181: {'bookingid': 3887}
1182: {'bookingid': 3888}
1183: {'bookingid': 3894}
1184: {'bookingid': 3900}
1185: {'bookingid': 3905}
1186: {'bookingid': 3907}
1187: {'bookingid': 3910}
1188: {'bookingid': 3913}
1189: {'bookingid': 3916}
1190: {'bookingid': 3919}
1191: {'bookingid': 3922}
1192: {'bookingid': 3926}
1193: {'bookingid': 3928}
1194: {'bookingid': 3929}
1195: {'bookingid': 3935}
1196: {'bookingid': 3936}
1197: {'bookingid': 3941}
1198: {'bookingid': 3942}
1199: {'bookingid': 3948}
1200: {'bookingid': 3951}
1201: {'bookingid': 3952}
1202: {'bookingid': 3957}
1203: {'bookingid': 3960}
1204: {'bookingid': 3963}
1205: {'bookingid': 3964}
1206: {'bookingid': 3969}
1207: {'bookingid': 3971}
1208: {'bookingid': 3974}
1209: {'bookingid': 3975}
1210: {'bookingid': 3981}
1211: {'bookingid': 3987}
1212: {'bookingid': 3993}
1213: {'bookingid': 3994}
1214: {'bookingid': 3999}
1215: {'bookingid': 4002}
1216: {'bookingid': 4003}
1217: {'bookingid': 4008}
1218: {'bookingid': 4010}
1219: {'bookingid': 4012}
1220: {'bookingid': 4015}
1221: {'bookingid': 4020}
1222: {'bookingid': 4021}
1223: {'bookingid': 4026}
1224: {'bookingid': 4027}
1225: {'bookingid': 4032}
1226: {'bookingid': 4034}
1227: {'bookingid': 4037}
1228: {'bookingid': 4041}
1229: {'bookingid': 4044}
1230: {'bookingid': 4045}
1231: {'bookingid': 4050}
1232: {'bookingid': 4051}
1233: {'bookingid': 4053}
1234: {'bookingid': 4060}
1235: {'bookingid': 4066}
1236: {'bookingid': 4071}
1237: {'bookingid': 4072}
1238: {'bookingid': 4077}
1239: {'bookingid': 4078}
1240: {'bookingid': 4083}
1241: {'bookingid': 4084}
1242: {'bookingid': 4089}
1243: {'bookingid': 4091}
1244: {'bookingid': 4093}
1245: {'bookingid': 4094}
1246: {'bookingid': 4096}
1247: {'bookingid': 4103}
1248: {'bookingid': 4107}
1249: {'bookingid': 4108}
1250: {'bookingid': 4113}
1251: {'bookingid': 4114}
1252: {'bookingid': 4119}
1253: {'bookingid': 4120}
1254: {'bookingid': 4125}
1255: {'bookingid': 4128}
1256: {'bookingid': 4131}
1257: {'bookingid': 4132}
1258: {'bookingid': 4136}
1259: {'bookingid': 4137}
1260: {'bookingid': 4143}
1261: {'bookingid': 4145}
1262: {'bookingid': 4151}</msg>
<arg>${response.json()}</arg>
<doc>Logs contents of the ``list`` using the given ``level``.</doc>
<status status="PASS" start="2026-04-20T12:09:55.426715" elapsed="0.003792"/>
</kw>
<for flavor="IN">
<iter>
<kw name="GET" owner="RequestsLibrary">
<msg time="2026-04-20T12:09:56.156864" level="INFO">GET Request : url=https://restful-booker.herokuapp.com/booking/11 
 path_url=/booking/11 
 headers={'User-Agent': 'python-requests/2.32.5', 'Accept-Encoding': 'gzip, deflate', 'Accept': '*/*', 'Connection': 'keep-alive'} 
 body=None 
 </msg>
<msg time="2026-04-20T12:09:56.156951" level="INFO">GET Response : url=https://restful-booker.herokuapp.com/booking/11 
 status=200, reason=OK 
 headers={'Content-Length': '169', 'Content-Type': 'application/json; charset=utf-8', 'Date': 'Mon, 20 Apr 2026 09:09:55 GMT', 'Etag': 'W/"a9-pLno4M4jARCCH8k0BsLT0ALMqUE"', 'Nel': '{"report_to":"heroku-nel","response_headers":["Via"],"max_age":3600,"success_fraction":0.01,"failure_fraction":0.1}', 'Report-To': '{"group":"heroku-nel","endpoints":[{"url":"https://nel.heroku.com/reports?s=XrMOhyvVMFY6yao46wQLnkILdTKWlwSoXbv%2F50yVJto%3D\\u0026sid=c46efe9b-d3d2-4a0c-8c76-bfafa16c5add\\u0026ts=1776676195"}],"max_age":3600}', 'Reporting-Endpoints': 'heroku-nel="https://nel.heroku.com/reports?s=XrMOhyvVMFY6yao46wQLnkILdTKWlwSoXbv%2F50yVJto%3D&amp;sid=c46efe9b-d3d2-4a0c-8c76-bfafa16c5add&amp;ts=1776676195"', 'Server': 'Heroku', 'Via': '1.1 heroku-router', 'X-Powered-By': 'Express'} 
 body={"firstname":"John","lastname":"Smith","totalprice":111,"depositpaid":true,"bookingdates":{"checkin":"2018-01-01","checkout":"2019-01-01"},"additionalneeds":"Breakfast"} 
 </msg>
<msg time="2026-04-20T12:09:56.158101" level="INFO">${response} = &lt;Response [200]&gt;</msg>
<var>${response}</var>
<arg>https://restful-booker.herokuapp.com/booking/${booking}[bookingid]</arg>
<doc>Sends a GET request.</doc>
<status status="PASS" start="2026-04-20T12:09:55.432236" elapsed="0.725896"/>
</kw>
<try>
<branch type="TRY">
<kw name="Log" owner="BuiltIn">
<msg time="2026-04-20T12:09:56.158985" level="INFO">{'firstname': 'John', 'lastname': 'Smith', 'totalprice': 111, 'depositpaid': True, 'bookingdates': {'checkin': '2018-01-01', 'checkout': '2019-01-01'}, 'additionalneeds': 'Breakfast'}</msg>
<arg>${response.json()}</arg>
<doc>Logs the given message with the given level.</doc>
<status status="PASS" start="2026-04-20T12:09:56.158456" elapsed="0.000569"/>
</kw>
<status status="PASS" start="2026-04-20T12:09:56.158329" elapsed="0.000731"/>
</branch>
<branch type="EXCEPT">
<kw name="Log" owner="BuiltIn">
<arg>Cannot retrieve JSON due to invalid data</arg>
<doc>Logs the given message with the given level.</doc>
<status status="NOT RUN" start="2026-04-20T12:09:56.159168" elapsed="0.000015"/>
</kw>
<status status="NOT RUN" start="2026-04-20T12:09:56.159102" elapsed="0.000104"/>
</branch>
<status status="PASS" start="2026-04-20T12:09:56.158217" elapsed="0.001017"/>
</try>
<var name="${booking}">{'bookingid': 11}</var>
<status status="PASS" start="2026-04-20T12:09:55.432136" elapsed="0.727118"/>
</iter>
<iter>
<kw name="GET" owner="RequestsLibrary">
<msg time="2026-04-20T12:09:57.240274" level="INFO">GET Request : url=https://restful-booker.herokuapp.com/booking/14 
 path_url=/booking/14 
 headers={'User-Agent': 'python-requests/2.32.5', 'Accept-Encoding': 'gzip, deflate', 'Accept': '*/*', 'Connection': 'keep-alive'} 
 body=None 
 </msg>
<msg time="2026-04-20T12:09:57.240414" level="INFO">GET Response : url=https://restful-booker.herokuapp.com/booking/14 
 status=200, reason=OK 
 headers={'Content-Length': '169', 'Content-Type': 'application/json; charset=utf-8', 'Date': 'Mon, 20 Apr 2026 09:09:56 GMT', 'Etag': 'W/"a9-pLno4M4jARCCH8k0BsLT0ALMqUE"', 'Nel': '{"report_to":"heroku-nel","response_headers":["Via"],"max_age":3600,"success_fraction":0.01,"failure_fraction":0.1}', 'Report-To': '{"group":"heroku-nel","endpoints":[{"url":"https://nel.heroku.com/reports?s=ppSlRIyBGtCJFFAxKMnrmIan0789mCZol4QLldQz%2FKw%3D\\u0026sid=c46efe9b-d3d2-4a0c-8c76-bfafa16c5add\\u0026ts=1776676196"}],"max_age":3600}', 'Reporting-Endpoints': 'heroku-nel="https://nel.heroku.com/reports?s=ppSlRIyBGtCJFFAxKMnrmIan0789mCZol4QLldQz%2FKw%3D&amp;sid=c46efe9b-d3d2-4a0c-8c76-bfafa16c5add&amp;ts=1776676196"', 'Server': 'Heroku', 'Via': '1.1 heroku-router', 'X-Powered-By': 'Express'} 
 body={"firstname":"John","lastname":"Smith","totalprice":111,"depositpaid":true,"bookingdates":{"checkin":"2018-01-01","checkout":"2019-01-01"},"additionalneeds":"Breakfast"} 
 </msg>
<msg time="2026-04-20T12:09:57.242412" level="INFO">${response} = &lt;Response [200]&gt;</msg>
<var>${response}</var>
<arg>https://restful-booker.herokuapp.com/booking/${booking}[bookingid]</arg>
<doc>Sends a GET request.</doc>
<status status="PASS" start="2026-04-20T12:09:56.159455" elapsed="1.082989"/>
</kw>
<try>
<branch type="TRY">
<kw name="Log" owner="BuiltIn">
<msg time="2026-04-20T12:09:57.243433" level="INFO">{'firstname': 'John', 'lastname': 'Smith', 'totalprice': 111, 'depositpaid': True, 'bookingdates': {'checkin': '2018-01-01', 'checkout': '2019-01-01'}, 'additionalneeds': 'Breakfast'}</msg>
<arg>${response.json()}</arg>
<doc>Logs the given message with the given level.</doc>
<status status="PASS" start="2026-04-20T12:09:57.242773" elapsed="0.000700"/>
</kw>
<status status="PASS" start="2026-04-20T12:09:57.242620" elapsed="0.000882"/>
</branch>
<branch type="EXCEPT">
<kw name="Log" owner="BuiltIn">
<arg>Cannot retrieve JSON due to invalid data</arg>
<doc>Logs the given message with the given level.</doc>
<status status="NOT RUN" start="2026-04-20T12:09:57.243613" elapsed="0.000015"/>
</kw>
<status status="NOT RUN" start="2026-04-20T12:09:57.243548" elapsed="0.000105"/>
</branch>
<status status="PASS" start="2026-04-20T12:09:57.242554" elapsed="0.001126"/>
</try>
<var name="${booking}">{'bookingid': 14}</var>
<status status="PASS" start="2026-04-20T12:09:56.159393" elapsed="1.084313"/>
</iter>
<iter>
<kw name="GET" owner="RequestsLibrary">
<msg time="2026-04-20T12:09:57.982366" level="INFO">GET Request : url=https://restful-booker.herokuapp.com/booking/17 
 path_url=/booking/17 
 headers={'User-Agent': 'python-requests/2.32.5', 'Accept-Encoding': 'gzip, deflate', 'Accept': '*/*', 'Connection': 'keep-alive'} 
 body=None 
 </msg>
<msg time="2026-04-20T12:09:57.982477" level="INFO">GET Response : url=https://restful-booker.herokuapp.com/booking/17 
 status=200, reason=OK 
 headers={'Content-Length': '169', 'Content-Type': 'application/json; charset=utf-8', 'Date': 'Mon, 20 Apr 2026 09:09:57 GMT', 'Etag': 'W/"a9-pLno4M4jARCCH8k0BsLT0ALMqUE"', 'Nel': '{"report_to":"heroku-nel","response_headers":["Via"],"max_age":3600,"success_fraction":0.01,"failure_fraction":0.1}', 'Report-To': '{"group":"heroku-nel","endpoints":[{"url":"https://nel.heroku.com/reports?s=ClbzpatwNHZwnZfVRwxB0rz7OgjFNboFgyW4QAQBl1I%3D\\u0026sid=c46efe9b-d3d2-4a0c-8c76-bfafa16c5add\\u0026ts=1776676197"}],"max_age":3600}', 'Reporting-Endpoints': 'heroku-nel="https://nel.heroku.com/reports?s=ClbzpatwNHZwnZfVRwxB0rz7OgjFNboFgyW4QAQBl1I%3D&amp;sid=c46efe9b-d3d2-4a0c-8c76-bfafa16c5add&amp;ts=1776676197"', 'Server': 'Heroku', 'Via': '1.1 heroku-router', 'X-Powered-By': 'Express'} 
 body={"firstname":"John","lastname":"Smith","totalprice":111,"depositpaid":true,"bookingdates":{"checkin":"2018-01-01","checkout":"2019-01-01"},"additionalneeds":"Breakfast"} 
 </msg>
<msg time="2026-04-20T12:09:57.984083" level="INFO">${response} = &lt;Response [200]&gt;</msg>
<var>${response}</var>
<arg>https://restful-booker.herokuapp.com/booking/${booking}[bookingid]</arg>
<doc>Sends a GET request.</doc>
<status status="PASS" start="2026-04-20T12:09:57.243930" elapsed="0.740186"/>
</kw>
<try>
<branch type="TRY">
<kw name="Log" owner="BuiltIn">
<msg time="2026-04-20T12:09:57.985003" level="INFO">{'firstname': 'John', 'lastname': 'Smith', 'totalprice': 111, 'depositpaid': True, 'bookingdates': {'checkin': '2018-01-01', 'checkout': '2019-01-01'}, 'additionalneeds': 'Breakfast'}</msg>
<arg>${response.json()}</arg>
<doc>Logs the given message with the given level.</doc>
<status status="PASS" start="2026-04-20T12:09:57.984398" elapsed="0.000645"/>
</kw>
<status status="PASS" start="2026-04-20T12:09:57.984267" elapsed="0.000891"/>
</branch>
<branch type="EXCEPT">
<kw name="Log" owner="BuiltIn">
<arg>Cannot retrieve JSON due to invalid data</arg>
<doc>Logs the given message with the given level.</doc>
<status status="NOT RUN" start="2026-04-20T12:09:57.985285" elapsed="0.000016"/>
</kw>
<status status="NOT RUN" start="2026-04-20T12:09:57.985211" elapsed="0.000115"/>
</branch>
<status status="PASS" start="2026-04-20T12:09:57.984209" elapsed="0.001145"/>
</try>
<var name="${booking}">{'bookingid': 17}</var>
<status status="PASS" start="2026-04-20T12:09:57.243866" elapsed="0.741508"/>
</iter>
<iter>
<kw name="GET" owner="RequestsLibrary">
<msg time="2026-04-20T12:09:58.712441" level="INFO">GET Request : url=https://restful-booker.herokuapp.com/booking/19 
 path_url=/booking/19 
 headers={'User-Agent': 'python-requests/2.32.5', 'Accept-Encoding': 'gzip, deflate', 'Accept': '*/*', 'Connection': 'keep-alive'} 
 body=None 
 </msg>
<msg time="2026-04-20T12:09:58.712550" level="INFO">GET Response : url=https://restful-booker.herokuapp.com/booking/19 
 status=200, reason=OK 
 headers={'Content-Length': '169', 'Content-Type': 'application/json; charset=utf-8', 'Date': 'Mon, 20 Apr 2026 09:09:58 GMT', 'Etag': 'W/"a9-pLno4M4jARCCH8k0BsLT0ALMqUE"', 'Nel': '{"report_to":"heroku-nel","response_headers":["Via"],"max_age":3600,"success_fraction":0.01,"failure_fraction":0.1}', 'Report-To': '{"group":"heroku-nel","endpoints":[{"url":"https://nel.heroku.com/reports?s=660Pra2%2Fz3hgiapyMvEqpu9z2Z%2FBIhpxqrKmm8eL7EE%3D\\u0026sid=c46efe9b-d3d2-4a0c-8c76-bfafa16c5add\\u0026ts=1776676198"}],"max_age":3600}', 'Reporting-Endpoints': 'heroku-nel="https://nel.heroku.com/reports?s=660Pra2%2Fz3hgiapyMvEqpu9z2Z%2FBIhpxqrKmm8eL7EE%3D&amp;sid=c46efe9b-d3d2-4a0c-8c76-bfafa16c5add&amp;ts=1776676198"', 'Server': 'Heroku', 'Via': '1.1 heroku-router', 'X-Powered-By': 'Express'} 
 body={"firstname":"John","lastname":"Smith","totalprice":111,"depositpaid":true,"bookingdates":{"checkin":"2018-01-01","checkout":"2019-01-01"},"additionalneeds":"Breakfast"} 
 </msg>
<msg time="2026-04-20T12:09:58.713899" level="INFO">${response} = &lt;Response [200]&gt;</msg>
<var>${response}</var>
<arg>https://restful-booker.herokuapp.com/booking/${booking}[bookingid]</arg>
<doc>Sends a GET request.</doc>
<status status="PASS" start="2026-04-20T12:09:57.985567" elapsed="0.728362"/>
</kw>
<try>
<branch type="TRY">
<kw name="Log" owner="BuiltIn">
<msg time="2026-04-20T12:09:58.714675" level="INFO">{'firstname': 'John', 'lastname': 'Smith', 'totalprice': 111, 'depositpaid': True, 'bookingdates': {'checkin': '2018-01-01', 'checkout': '2019-01-01'}, 'additionalneeds': 'Breakfast'}</msg>
<arg>${response.json()}</arg>
<doc>Logs the given message with the given level.</doc>
<status status="PASS" start="2026-04-20T12:09:58.714179" elapsed="0.000539"/>
</kw>
<status status="PASS" start="2026-04-20T12:09:58.714077" elapsed="0.000669"/>
</branch>
<branch type="EXCEPT">
<kw name="Log" owner="BuiltIn">
<arg>Cannot retrieve JSON due to invalid data</arg>
<doc>Logs the given message with the given level.</doc>
<status status="NOT RUN" start="2026-04-20T12:09:58.714845" elapsed="0.000015"/>
</kw>
<status status="NOT RUN" start="2026-04-20T12:09:58.714782" elapsed="0.000102"/>
</branch>
<status status="PASS" start="2026-04-20T12:09:58.714034" elapsed="0.000872"/>
</try>
<var name="${booking}">{'bookingid': 19}</var>
<status status="PASS" start="2026-04-20T12:09:57.985507" elapsed="0.729419"/>
</iter>
<iter>
<kw name="GET" owner="RequestsLibrary">
<msg time="2026-04-20T12:09:59.450280" level="INFO">GET Request : url=https://restful-booker.herokuapp.com/booking/22 
 path_url=/booking/22 
 headers={'User-Agent': 'python-requests/2.32.5', 'Accept-Encoding': 'gzip, deflate', 'Accept': '*/*', 'Connection': 'keep-alive'} 
 body=None 
 </msg>
<msg time="2026-04-20T12:09:59.450391" level="INFO">GET Response : url=https://restful-booker.herokuapp.com/booking/22 
 status=200, reason=OK 
 headers={'Content-Length': '169', 'Content-Type': 'application/json; charset=utf-8', 'Date': 'Mon, 20 Apr 2026 09:09:59 GMT', 'Etag': 'W/"a9-pLno4M4jARCCH8k0BsLT0ALMqUE"', 'Nel': '{"report_to":"heroku-nel","response_headers":["Via"],"max_age":3600,"success_fraction":0.01,"failure_fraction":0.1}', 'Report-To': '{"group":"heroku-nel","endpoints":[{"url":"https://nel.heroku.com/reports?s=iilR4w7wsCwLWNIzHaTbp9F5jPjlVlwP%2BeSq%2FXf4AiA%3D\\u0026sid=c46efe9b-d3d2-4a0c-8c76-bfafa16c5add\\u0026ts=1776676199"}],"max_age":3600}', 'Reporting-Endpoints': 'heroku-nel="https://nel.heroku.com/reports?s=iilR4w7wsCwLWNIzHaTbp9F5jPjlVlwP%2BeSq%2FXf4AiA%3D&amp;sid=c46efe9b-d3d2-4a0c-8c76-bfafa16c5add&amp;ts=1776676199"', 'Server': 'Heroku', 'Via': '1.1 heroku-router', 'X-Powered-By': 'Express'} 
 body={"firstname":"John","lastname":"Smith","totalprice":111,"depositpaid":true,"bookingdates":{"checkin":"2018-01-01","checkout":"2019-01-01"},"additionalneeds":"Breakfast"} 
 </msg>
<msg time="2026-04-20T12:09:59.452235" level="INFO">${response} = &lt;Response [200]&gt;</msg>
<var>${response}</var>
<arg>https://restful-booker.herokuapp.com/booking/${booking}[bookingid]</arg>
<doc>Sends a GET request.</doc>
<status status="PASS" start="2026-04-20T12:09:58.715119" elapsed="0.737149"/>
</kw>
<try>
<branch type="TRY">
<kw name="Log" owner="BuiltIn">
<msg time="2026-04-20T12:09:59.453204" level="INFO">{'firstname': 'John', 'lastname': 'Smith', 'totalprice': 111, 'depositpaid': True, 'bookingdates': {'checkin': '2018-01-01', 'checkout': '2019-01-01'}, 'additionalneeds': 'Breakfast'}</msg>
<arg>${response.json()}</arg>
<doc>Logs the given message with the given level.</doc>
<status status="PASS" start="2026-04-20T12:09:59.452577" elapsed="0.000668"/>
</kw>
<status status="PASS" start="2026-04-20T12:09:59.452427" elapsed="0.000847"/>
</branch>
<branch type="EXCEPT">
<kw name="Log" owner="BuiltIn">
<arg>Cannot retrieve JSON due to invalid data</arg>
<doc>Logs the given message with the given level.</doc>
<status status="NOT RUN" start="2026-04-20T12:09:59.453379" elapsed="0.000014"/>
</kw>
<status status="NOT RUN" start="2026-04-20T12:09:59.453315" elapsed="0.000103"/>
</branch>
<status status="PASS" start="2026-04-20T12:09:59.452371" elapsed="0.001071"/>
</try>
<var name="${booking}">{'bookingid': 22}</var>
<status status="PASS" start="2026-04-20T12:09:58.715056" elapsed="0.738410"/>
</iter>
<iter>
<kw name="GET" owner="RequestsLibrary">
<msg time="2026-04-20T12:10:00.180679" level="INFO">GET Request : url=https://restful-booker.herokuapp.com/booking/23 
 path_url=/booking/23 
 headers={'User-Agent': 'python-requests/2.32.5', 'Accept-Encoding': 'gzip, deflate', 'Accept': '*/*', 'Connection': 'keep-alive'} 
 body=None 
 </msg>
<msg time="2026-04-20T12:10:00.180818" level="INFO">GET Response : url=https://restful-booker.herokuapp.com/booking/23 
 status=200, reason=OK 
 headers={'Content-Length': '169', 'Content-Type': 'application/json; charset=utf-8', 'Date': 'Mon, 20 Apr 2026 09:09:59 GMT', 'Etag': 'W/"a9-pLno4M4jARCCH8k0BsLT0ALMqUE"', 'Nel': '{"report_to":"heroku-nel","response_headers":["Via"],"max_age":3600,"success_fraction":0.01,"failure_fraction":0.1}', 'Report-To': '{"group":"heroku-nel","endpoints":[{"url":"https://nel.heroku.com/reports?s=iilR4w7wsCwLWNIzHaTbp9F5jPjlVlwP%2BeSq%2FXf4AiA%3D\\u0026sid=c46efe9b-d3d2-4a0c-8c76-bfafa16c5add\\u0026ts=1776676199"}],"max_age":3600}', 'Reporting-Endpoints': 'heroku-nel="https://nel.heroku.com/reports?s=iilR4w7wsCwLWNIzHaTbp9F5jPjlVlwP%2BeSq%2FXf4AiA%3D&amp;sid=c46efe9b-d3d2-4a0c-8c76-bfafa16c5add&amp;ts=1776676199"', 'Server': 'Heroku', 'Via': '1.1 heroku-router', 'X-Powered-By': 'Express'} 
 body={"firstname":"John","lastname":"Smith","totalprice":111,"depositpaid":true,"bookingdates":{"checkin":"2018-01-01","checkout":"2019-01-01"},"additionalneeds":"Breakfast"} 
 </msg>
<msg time="2026-04-20T12:10:00.182802" level="INFO">${response} = &lt;Response [200]&gt;</msg>
<var>${response}</var>
<arg>https://restful-booker.herokuapp.com/booking/${booking}[bookingid]</arg>
<doc>Sends a GET request.</doc>
<status status="PASS" start="2026-04-20T12:09:59.453681" elapsed="0.729170"/>
</kw>
<try>
<branch type="TRY">
<kw name="Log" owner="BuiltIn">
<msg time="2026-04-20T12:10:00.183730" level="INFO">{'firstname': 'John', 'lastname': 'Smith', 'totalprice': 111, 'depositpaid': True, 'bookingdates': {'checkin': '2018-01-01', 'checkout': '2019-01-01'}, 'additionalneeds': 'Breakfast'}</msg>
<arg>${response.json()}</arg>
<doc>Logs the given message with the given level.</doc>
<status status="PASS" start="2026-04-20T12:10:00.183190" elapsed="0.000583"/>
</kw>
<status status="PASS" start="2026-04-20T12:10:00.183064" elapsed="0.000739"/>
</branch>
<branch type="EXCEPT">
<kw name="Log" owner="BuiltIn">
<arg>Cannot retrieve JSON due to invalid data</arg>
<doc>Logs the given message with the given level.</doc>
<status status="NOT RUN" start="2026-04-20T12:10:00.183902" elapsed="0.000015"/>
</kw>
<status status="NOT RUN" start="2026-04-20T12:10:00.183838" elapsed="0.000103"/>
</branch>
<status status="PASS" start="2026-04-20T12:10:00.183007" elapsed="0.000955"/>
</try>
<var name="${booking}">{'bookingid': 23}</var>
<status status="PASS" start="2026-04-20T12:09:59.453619" elapsed="0.730363"/>
</iter>
<iter>
<kw name="GET" owner="RequestsLibrary">
<msg time="2026-04-20T12:10:00.900287" level="INFO">GET Request : url=https://restful-booker.herokuapp.com/booking/28 
 path_url=/booking/28 
 headers={'User-Agent': 'python-requests/2.32.5', 'Accept-Encoding': 'gzip, deflate', 'Accept': '*/*', 'Connection': 'keep-alive'} 
 body=None 
 </msg>
<msg time="2026-04-20T12:10:00.900411" level="INFO">GET Response : url=https://restful-booker.herokuapp.com/booking/28 
 status=200, reason=OK 
 headers={'Content-Length': '169', 'Content-Type': 'application/json; charset=utf-8', 'Date': 'Mon, 20 Apr 2026 09:10:00 GMT', 'Etag': 'W/"a9-pLno4M4jARCCH8k0BsLT0ALMqUE"', 'Nel': '{"report_to":"heroku-nel","response_headers":["Via"],"max_age":3600,"success_fraction":0.01,"failure_fraction":0.1}', 'Report-To': '{"group":"heroku-nel","endpoints":[{"url":"https://nel.heroku.com/reports?s=Wcw19%2FREX3yvpFr0T1c3RSDoDqTX%2Ft3lAY5oZ3Fgaio%3D\\u0026sid=c46efe9b-d3d2-4a0c-8c76-bfafa16c5add\\u0026ts=1776676200"}],"max_age":3600}', 'Reporting-Endpoints': 'heroku-nel="https://nel.heroku.com/reports?s=Wcw19%2FREX3yvpFr0T1c3RSDoDqTX%2Ft3lAY5oZ3Fgaio%3D&amp;sid=c46efe9b-d3d2-4a0c-8c76-bfafa16c5add&amp;ts=1776676200"', 'Server': 'Heroku', 'Via': '1.1 heroku-router', 'X-Powered-By': 'Express'} 
 body={"firstname":"John","lastname":"Smith","totalprice":111,"depositpaid":true,"bookingdates":{"checkin":"2018-01-01","checkout":"2019-01-01"},"additionalneeds":"Breakfast"} 
 </msg>
<msg time="2026-04-20T12:10:00.902284" level="INFO">${response} = &lt;Response [200]&gt;</msg>
<var>${response}</var>
<arg>https://restful-booker.herokuapp.com/booking/${booking}[bookingid]</arg>
<doc>Sends a GET request.</doc>
<status status="PASS" start="2026-04-20T12:10:00.184179" elapsed="0.718139"/>
</kw>
<try>
<branch type="TRY">
<kw name="Log" owner="BuiltIn">
<msg time="2026-04-20T12:10:00.903261" level="INFO">{'firstname': 'John', 'lastname': 'Smith', 'totalprice': 111, 'depositpaid': True, 'bookingdates': {'checkin': '2018-01-01', 'checkout': '2019-01-01'}, 'additionalneeds': 'Breakfast'}</msg>
<arg>${response.json()}</arg>
<doc>Logs the given message with the given level.</doc>
<status status="PASS" start="2026-04-20T12:10:00.902643" elapsed="0.000661"/>
</kw>
<status status="PASS" start="2026-04-20T12:10:00.902483" elapsed="0.000850"/>
</branch>
<branch type="EXCEPT">
<kw name="Log" owner="BuiltIn">
<arg>Cannot retrieve JSON due to invalid data</arg>
<doc>Logs the given message with the given level.</doc>
<status status="NOT RUN" start="2026-04-20T12:10:00.903449" elapsed="0.000015"/>
</kw>
<status status="NOT RUN" start="2026-04-20T12:10:00.903376" elapsed="0.000113"/>
</branch>
<status status="PASS" start="2026-04-20T12:10:00.902424" elapsed="0.001090"/>
</try>
<var name="${booking}">{'bookingid': 28}</var>
<status status="PASS" start="2026-04-20T12:10:00.184119" elapsed="0.719419"/>
</iter>
<iter>
<kw name="GET" owner="RequestsLibrary">
<msg time="2026-04-20T12:10:01.632444" level="INFO">GET Request : url=https://restful-booker.herokuapp.com/booking/30 
 path_url=/booking/30 
 headers={'User-Agent': 'python-requests/2.32.5', 'Accept-Encoding': 'gzip, deflate', 'Accept': '*/*', 'Connection': 'keep-alive'} 
 body=None 
 </msg>
<msg time="2026-04-20T12:10:01.632578" level="INFO">GET Response : url=https://restful-booker.herokuapp.com/booking/30 
 status=200, reason=OK 
 headers={'Content-Length': '169', 'Content-Type': 'application/json; charset=utf-8', 'Date': 'Mon, 20 Apr 2026 09:10:01 GMT', 'Etag': 'W/"a9-pLno4M4jARCCH8k0BsLT0ALMqUE"', 'Nel': '{"report_to":"heroku-nel","response_headers":["Via"],"max_age":3600,"success_fraction":0.01,"failure_fraction":0.1}', 'Report-To': '{"group":"heroku-nel","endpoints":[{"url":"https://nel.heroku.com/reports?s=nO0TgSD57p97VpSmwbZ1fl8xEM%2F3RnJKpSuSNb4eVfE%3D\\u0026sid=c46efe9b-d3d2-4a0c-8c76-bfafa16c5add\\u0026ts=1776676201"}],"max_age":3600}', 'Reporting-Endpoints': 'heroku-nel="https://nel.heroku.com/reports?s=nO0TgSD57p97VpSmwbZ1fl8xEM%2F3RnJKpSuSNb4eVfE%3D&amp;sid=c46efe9b-d3d2-4a0c-8c76-bfafa16c5add&amp;ts=1776676201"', 'Server': 'Heroku', 'Via': '1.1 heroku-router', 'X-Powered-By': 'Express'} 
 body={"firstname":"John","lastname":"Smith","totalprice":111,"depositpaid":true,"bookingdates":{"checkin":"2018-01-01","checkout":"2019-01-01"},"additionalneeds":"Breakfast"} 
 </msg>
<msg time="2026-04-20T12:10:01.634241" level="INFO">${response} = &lt;Response [200]&gt;</msg>
<var>${response}</var>
<arg>https://restful-booker.herokuapp.com/booking/${booking}[bookingid]</arg>
<doc>Sends a GET request.</doc>
<status status="PASS" start="2026-04-20T12:10:00.903757" elapsed="0.730516"/>
</kw>
<try>
<branch type="TRY">
<kw name="Log" owner="BuiltIn">
<msg time="2026-04-20T12:10:01.635106" level="INFO">{'firstname': 'John', 'lastname': 'Smith', 'totalprice': 111, 'depositpaid': True, 'bookingdates': {'checkin': '2018-01-01', 'checkout': '2019-01-01'}, 'additionalneeds': 'Breakfast'}</msg>
<arg>${response.json()}</arg>
<doc>Logs the given message with the given level.</doc>
<status status="PASS" start="2026-04-20T12:10:01.634525" elapsed="0.000623"/>
</kw>
<status status="PASS" start="2026-04-20T12:10:01.634403" elapsed="0.000774"/>
</branch>
<branch type="EXCEPT">
<kw name="Log" owner="BuiltIn">
<arg>Cannot retrieve JSON due to invalid data</arg>
<doc>Logs the given message with the given level.</doc>
<status status="NOT RUN" start="2026-04-20T12:10:01.635280" elapsed="0.000015"/>
</kw>
<status status="NOT RUN" start="2026-04-20T12:10:01.635216" elapsed="0.000103"/>
</branch>
<status status="PASS" start="2026-04-20T12:10:01.634358" elapsed="0.000985"/>
</try>
<var name="${booking}">{'bookingid': 30}</var>
<status status="PASS" start="2026-04-20T12:10:00.903694" elapsed="0.731670"/>
</iter>
<iter>
<kw name="GET" owner="RequestsLibrary">
<msg time="2026-04-20T12:10:02.362574" level="INFO">GET Request : url=https://restful-booker.herokuapp.com/booking/35 
 path_url=/booking/35 
 headers={'User-Agent': 'python-requests/2.32.5', 'Accept-Encoding': 'gzip, deflate', 'Accept': '*/*', 'Connection': 'keep-alive'} 
 body=None 
 </msg>
<msg time="2026-04-20T12:10:02.362717" level="INFO">GET Response : url=https://restful-booker.herokuapp.com/booking/35 
 status=200, reason=OK 
 headers={'Content-Length': '169', 'Content-Type': 'application/json; charset=utf-8', 'Date': 'Mon, 20 Apr 2026 09:10:02 GMT', 'Etag': 'W/"a9-pLno4M4jARCCH8k0BsLT0ALMqUE"', 'Nel': '{"report_to":"heroku-nel","response_headers":["Via"],"max_age":3600,"success_fraction":0.01,"failure_fraction":0.1}', 'Report-To': '{"group":"heroku-nel","endpoints":[{"url":"https://nel.heroku.com/reports?s=efSobxoqe6rb2ygqskHsOnlAyTBi3hNnak%2FWxbgdOTo%3D\\u0026sid=c46efe9b-d3d2-4a0c-8c76-bfafa16c5add\\u0026ts=1776676202"}],"max_age":3600}', 'Reporting-Endpoints': 'heroku-nel="https://nel.heroku.com/reports?s=efSobxoqe6rb2ygqskHsOnlAyTBi3hNnak%2FWxbgdOTo%3D&amp;sid=c46efe9b-d3d2-4a0c-8c76-bfafa16c5add&amp;ts=1776676202"', 'Server': 'Heroku', 'Via': '1.1 heroku-router', 'X-Powered-By': 'Express'} 
 body={"firstname":"John","lastname":"Smith","totalprice":111,"depositpaid":true,"bookingdates":{"checkin":"2018-01-01","checkout":"2019-01-01"},"additionalneeds":"Breakfast"} 
 </msg>
<msg time="2026-04-20T12:10:02.364737" level="INFO">${response} = &lt;Response [200]&gt;</msg>
<var>${response}</var>
<arg>https://restful-booker.herokuapp.com/booking/${booking}[bookingid]</arg>
<doc>Sends a GET request.</doc>
<status status="PASS" start="2026-04-20T12:10:01.635564" elapsed="0.729206"/>
</kw>
<try>
<branch type="TRY">
<kw name="Log" owner="BuiltIn">
<msg time="2026-04-20T12:10:02.365783" level="INFO">{'firstname': 'John', 'lastname': 'Smith', 'totalprice': 111, 'depositpaid': True, 'bookingdates': {'checkin': '2018-01-01', 'checkout': '2019-01-01'}, 'additionalneeds': 'Breakfast'}</msg>
<arg>${response.json()}</arg>
<doc>Logs the given message with the given level.</doc>
<status status="PASS" start="2026-04-20T12:10:02.365168" elapsed="0.000655"/>
</kw>
<status status="PASS" start="2026-04-20T12:10:02.365004" elapsed="0.000847"/>
</branch>
<branch type="EXCEPT">
<kw name="Log" owner="BuiltIn">
<arg>Cannot retrieve JSON due to invalid data</arg>
<doc>Logs the given message with the given level.</doc>
<status status="NOT RUN" start="2026-04-20T12:10:02.365954" elapsed="0.000015"/>
</kw>
<status status="NOT RUN" start="2026-04-20T12:10:02.365890" elapsed="0.000103"/>
</branch>
<status status="PASS" start="2026-04-20T12:10:02.364924" elapsed="0.001093"/>
</try>
<var name="${booking}">{'bookingid': 35}</var>
<status status="PASS" start="2026-04-20T12:10:01.635505" elapsed="0.730539"/>
</iter>
<iter>
<kw name="GET" owner="RequestsLibrary">
<msg time="2026-04-20T12:10:03.088613" level="INFO">GET Request : url=https://restful-booker.herokuapp.com/booking/36 
 path_url=/booking/36 
 headers={'User-Agent': 'python-requests/2.32.5', 'Accept-Encoding': 'gzip, deflate', 'Accept': '*/*', 'Connection': 'keep-alive'} 
 body=None 
 </msg>
<msg time="2026-04-20T12:10:03.088752" level="INFO">GET Response : url=https://restful-booker.herokuapp.com/booking/36 
 status=200, reason=OK 
 headers={'Content-Length': '169', 'Content-Type': 'application/json; charset=utf-8', 'Date': 'Mon, 20 Apr 2026 09:10:02 GMT', 'Etag': 'W/"a9-pLno4M4jARCCH8k0BsLT0ALMqUE"', 'Nel': '{"report_to":"heroku-nel","response_headers":["Via"],"max_age":3600,"success_fraction":0.01,"failure_fraction":0.1}', 'Report-To': '{"group":"heroku-nel","endpoints":[{"url":"https://nel.heroku.com/reports?s=efSobxoqe6rb2ygqskHsOnlAyTBi3hNnak%2FWxbgdOTo%3D\\u0026sid=c46efe9b-d3d2-4a0c-8c76-bfafa16c5add\\u0026ts=1776676202"}],"max_age":3600}', 'Reporting-Endpoints': 'heroku-nel="https://nel.heroku.com/reports?s=efSobxoqe6rb2ygqskHsOnlAyTBi3hNnak%2FWxbgdOTo%3D&amp;sid=c46efe9b-d3d2-4a0c-8c76-bfafa16c5add&amp;ts=1776676202"', 'Server': 'Heroku', 'Via': '1.1 heroku-router', 'X-Powered-By': 'Express'} 
 body={"firstname":"John","lastname":"Smith","totalprice":111,"depositpaid":true,"bookingdates":{"checkin":"2018-01-01","checkout":"2019-01-01"},"additionalneeds":"Breakfast"} 
 </msg>
<msg time="2026-04-20T12:10:03.090447" level="INFO">${response} = &lt;Response [200]&gt;</msg>
<var>${response}</var>
<arg>https://restful-booker.herokuapp.com/booking/${booking}[bookingid]</arg>
<doc>Sends a GET request.</doc>
<status status="PASS" start="2026-04-20T12:10:02.366237" elapsed="0.724244"/>
</kw>
<try>
<branch type="TRY">
<kw name="Log" owner="BuiltIn">
<msg time="2026-04-20T12:10:03.091419" level="INFO">{'firstname': 'John', 'lastname': 'Smith', 'totalprice': 111, 'depositpaid': True, 'bookingdates': {'checkin': '2018-01-01', 'checkout': '2019-01-01'}, 'additionalneeds': 'Breakfast'}</msg>
<arg>${response.json()}</arg>
<doc>Logs the given message with the given level.</doc>
<status status="PASS" start="2026-04-20T12:10:03.090786" elapsed="0.000672"/>
</kw>
<status status="PASS" start="2026-04-20T12:10:03.090639" elapsed="0.000858"/>
</branch>
<branch type="EXCEPT">
<kw name="Log" owner="BuiltIn">
<arg>Cannot retrieve JSON due to invalid data</arg>
<doc>Logs the given message with the given level.</doc>
<status status="NOT RUN" start="2026-04-20T12:10:03.091604" elapsed="0.000015"/>
</kw>
<status status="NOT RUN" start="2026-04-20T12:10:03.091540" elapsed="0.000104"/>
</branch>
<status status="PASS" start="2026-04-20T12:10:03.090583" elapsed="0.001085"/>
</try>
<var name="${booking}">{'bookingid': 36}</var>
<status status="PASS" start="2026-04-20T12:10:02.366179" elapsed="0.725512"/>
</iter>
<iter>
<kw name="GET" owner="RequestsLibrary">
<msg time="2026-04-20T12:10:03.810046" level="INFO">GET Request : url=https://restful-booker.herokuapp.com/booking/41 
 path_url=/booking/41 
 headers={'User-Agent': 'python-requests/2.32.5', 'Accept-Encoding': 'gzip, deflate', 'Accept': '*/*', 'Connection': 'keep-alive'} 
 body=None 
 </msg>
<msg time="2026-04-20T12:10:03.810207" level="INFO">GET Response : url=https://restful-booker.herokuapp.com/booking/41 
 status=200, reason=OK 
 headers={'Content-Length': '169', 'Content-Type': 'application/json; charset=utf-8', 'Date': 'Mon, 20 Apr 2026 09:10:03 GMT', 'Etag': 'W/"a9-pLno4M4jARCCH8k0BsLT0ALMqUE"', 'Nel': '{"report_to":"heroku-nel","response_headers":["Via"],"max_age":3600,"success_fraction":0.01,"failure_fraction":0.1}', 'Report-To': '{"group":"heroku-nel","endpoints":[{"url":"https://nel.heroku.com/reports?s=WaQndOFwmYuPyrSTgHbP5xsJl2X%2B%2Fwqiwb6g7YPsrMw%3D\\u0026sid=c46efe9b-d3d2-4a0c-8c76-bfafa16c5add\\u0026ts=1776676203"}],"max_age":3600}', 'Reporting-Endpoints': 'heroku-nel="https://nel.heroku.com/reports?s=WaQndOFwmYuPyrSTgHbP5xsJl2X%2B%2Fwqiwb6g7YPsrMw%3D&amp;sid=c46efe9b-d3d2-4a0c-8c76-bfafa16c5add&amp;ts=1776676203"', 'Server': 'Heroku', 'Via': '1.1 heroku-router', 'X-Powered-By': 'Express'} 
 body={"firstname":"John","lastname":"Smith","totalprice":111,"depositpaid":true,"bookingdates":{"checkin":"2018-01-01","checkout":"2019-01-01"},"additionalneeds":"Breakfast"} 
 </msg>
<msg time="2026-04-20T12:10:03.811567" level="INFO">${response} = &lt;Response [200]&gt;</msg>
<var>${response}</var>
<arg>https://restful-booker.herokuapp.com/booking/${booking}[bookingid]</arg>
<doc>Sends a GET request.</doc>
<status status="PASS" start="2026-04-20T12:10:03.091918" elapsed="0.719679"/>
</kw>
<try>
<branch type="TRY">
<kw name="Log" owner="BuiltIn">
<msg time="2026-04-20T12:10:03.812333" level="INFO">{'firstname': 'John', 'lastname': 'Smith', 'totalprice': 111, 'depositpaid': True, 'bookingdates': {'checkin': '2018-01-01', 'checkout': '2019-01-01'}, 'additionalneeds': 'Breakfast'}</msg>
<arg>${response.json()}</arg>
<doc>Logs the given message with the given level.</doc>
<status status="PASS" start="2026-04-20T12:10:03.811819" elapsed="0.000553"/>
</kw>
<status status="PASS" start="2026-04-20T12:10:03.811714" elapsed="0.000693"/>
</branch>
<branch type="EXCEPT">
<kw name="Log" owner="BuiltIn">
<arg>Cannot retrieve JSON due to invalid data</arg>
<doc>Logs the given message with the given level.</doc>
<status status="NOT RUN" start="2026-04-20T12:10:03.812505" elapsed="0.000016"/>
</kw>
<status status="NOT RUN" start="2026-04-20T12:10:03.812443" elapsed="0.000103"/>
</branch>
<status status="PASS" start="2026-04-20T12:10:03.811674" elapsed="0.000894"/>
</try>
<var name="${booking}">{'bookingid': 41}</var>
<status status="PASS" start="2026-04-20T12:10:03.091852" elapsed="0.720735"/>
</iter>
<iter>
[...]
</branch>
<status status="PASS" start="2026-04-20T12:11:08.020449" elapsed="0.000892"/>
</try>
<var name="${booking}">{'bookingid': 337}</var>
<status status="PASS" start="2026-04-20T12:11:07.300592" elapsed="0.720769"/>
</iter>
<iter>
<kw name="GET" owner="RequestsLibrary">
<msg time="2026-04-20T12:11:08.740849" level="INFO">GET Request : url=https://restful-booker.herokuapp.com/booking/340 
 path_url=/booking/340 
 headers={'User-Agent': 'python-requests/2.32.5', 'Accept-Encoding': 'gzip, deflate', 'Accept': '*/*', 'Connection': 'keep-alive'} 
 body=None 
 </msg>
<msg time="2026-04-20T12:11:08.740984" level="INFO">GET Response : url=https://restful-booker.herokuapp.com/booking/340 
 status=200, reason=OK 
 headers={'Content-Length': '169', 'Content-Type': 'application/json; charset=utf-8', 'Date': 'Mon, 20 Apr 2026 09:11:08 GMT', 'Etag': 'W/"a9-pLno4M4jARCCH8k0BsLT0ALMqUE"', 'Nel': '{"report_to":"heroku-nel","response_headers":["Via"],"max_age":3600,"success_fraction":0.01,"failure_fraction":0.1}', 'Report-To': '{"group":"heroku-nel","endpoints":[{"url":"https://nel.heroku.com/reports?s=5mZ7ljNlvtt5wu2RbnFaub3P%2FilRIdAkESHqon%2BXw7s%3D\\u0026sid=c46efe9b-d3d2-4a0c-8c76-bfafa16c5add\\u0026ts=1776676268"}],"max_age":3600}', 'Reporting-Endpoints': 'heroku-nel="https://nel.heroku.com/reports?s=5mZ7ljNlvtt5wu2RbnFaub3P%2FilRIdAkESHqon%2BXw7s%3D&amp;sid=c46efe9b-d3d2-4a0c-8c76-bfafa16c5add&amp;ts=1776676268"', 'Server': 'Heroku', 'Via': '1.1 heroku-router', 'X-Powered-By': 'Express'} 
 body={"firstname":"John","lastname":"Smith","totalprice":111,"depositpaid":true,"bookingdates":{"checkin":"2018-01-01","checkout":"2019-01-01"},"additionalneeds":"Breakfast"} 
 </msg>
<msg time="2026-04-20T12:11:08.742737" level="INFO">${response} = &lt;Response [200]&gt;</msg>
<var>${response}</var>
<arg>https://restful-booker.herokuapp.com/booking/${booking}[bookingid]</arg>
<doc>Sends a GET request.</doc>
<status status="PASS" start="2026-04-20T12:11:08.021588" elapsed="0.721181"/>
</kw>
<try>
<branch type="TRY">
<kw name="Log" owner="BuiltIn">
<msg time="2026-04-20T12:11:08.743512" level="INFO">{'firstname': 'John', 'lastname': 'Smith', 'totalprice': 111, 'depositpaid': True, 'bookingdates': {'checkin': '2018-01-01', 'checkout': '2019-01-01'}, 'additionalneeds': 'Breakfast'}</msg>
<arg>${response.json()}</arg>
<doc>Logs the given message with the given level.</doc>
<status status="PASS" start="2026-04-20T12:11:08.743001" elapsed="0.000552"/>
</kw>
<status status="PASS" start="2026-04-20T12:11:08.742888" elapsed="0.000694"/>
</branch>
<branch type="EXCEPT">
<kw name="Log" owner="BuiltIn">
<arg>Cannot retrieve JSON due to invalid data</arg>
<doc>Logs the given message with the given level.</doc>
<status status="NOT RUN" start="2026-04-20T12:11:08.743717" elapsed="0.000016"/>
</kw>
<status status="NOT RUN" start="2026-04-20T12:11:08.743617" elapsed="0.000142"/>
</branch>
<status status="PASS" start="2026-04-20T12:11:08.742849" elapsed="0.000949"/>
</try>
<var name="${booking}">{'bookingid': 340}</var>
<status status="PASS" start="2026-04-20T12:11:08.021507" elapsed="0.722313"/>
</iter>
<iter>
<kw name="GET" owner="RequestsLibrary">
<msg time="2026-04-20T12:11:09.466491" level="INFO">GET Request : url=https://restful-booker.herokuapp.com/booking/341 
 path_url=/booking/341 
 headers={'User-Agent': 'python-requests/2.32.5', 'Accept-Encoding': 'gzip, deflate', 'Accept': '*/*', 'Connection': 'keep-alive'} 
 body=None 
 </msg>
<msg time="2026-04-20T12:11:09.466605" level="INFO">GET Response : url=https://restful-booker.herokuapp.com/booking/341 
 status=200, reason=OK 
 headers={'Content-Length': '169', 'Content-Type': 'application/json; charset=utf-8', 'Date': 'Mon, 20 Apr 2026 09:11:09 GMT', 'Etag': 'W/"a9-pLno4M4jARCCH8k0BsLT0ALMqUE"', 'Nel': '{"report_to":"heroku-nel","response_headers":["Via"],"max_age":3600,"success_fraction":0.01,"failure_fraction":0.1}', 'Report-To': '{"group":"heroku-nel","endpoints":[{"url":"https://nel.heroku.com/reports?s=ZinCFpyQwq45Hd%2FZ3cAZXqlZCcPvMN2%2BghSFQIBgNVs%3D\\u0026sid=c46efe9b-d3d2-4a0c-8c76-bfafa16c5add\\u0026ts=1776676269"}],"max_age":3600}', 'Reporting-Endpoints': 'heroku-nel="https://nel.heroku.com/reports?s=ZinCFpyQwq45Hd%2FZ3cAZXqlZCcPvMN2%2BghSFQIBgNVs%3D&amp;sid=c46efe9b-d3d2-4a0c-8c76-bfafa16c5add&amp;ts=1776676269"', 'Server': 'Heroku', 'Via': '1.1 heroku-router', 'X-Powered-By': 'Express'} 
 body={"firstname":"John","lastname":"Smith","totalprice":111,"depositpaid":true,"bookingdates":{"checkin":"2018-01-01","checkout":"2019-01-01"},"additionalneeds":"Breakfast"} 
 </msg>
<msg time="2026-04-20T12:11:09.468381" level="INFO">${response} = &lt;Response [200]&gt;</msg>
<var>${response}</var>
<arg>https://restful-booker.herokuapp.com/booking/${booking}[bookingid]</arg>
<doc>Sends a GET request.</doc>
<status status="PASS" start="2026-04-20T12:11:08.744014" elapsed="0.724399"/>
</kw>
<try>
<branch type="TRY">
<kw name="Log" owner="BuiltIn">
<msg time="2026-04-20T12:11:09.469147" level="INFO">{'firstname': 'John', 'lastname': 'Smith', 'totalprice': 111, 'depositpaid': True, 'bookingdates': {'checkin': '2018-01-01', 'checkout': '2019-01-01'}, 'additionalneeds': 'Breakfast'}</msg>
<arg>${response.json()}</arg>
<doc>Logs the given message with the given level.</doc>
<status status="PASS" start="2026-04-20T12:11:09.468636" elapsed="0.000550"/>
</kw>
<status status="PASS" start="2026-04-20T12:11:09.468528" elapsed="0.000686"/>
</branch>
<branch type="EXCEPT">
<kw name="Log" owner="BuiltIn">
<arg>Cannot retrieve JSON due to invalid data</arg>
<doc>Logs the given message with the given level.</doc>
<status status="NOT RUN" start="2026-04-20T12:11:09.469326" elapsed="0.000014"/>
</kw>
<status status="NOT RUN" start="2026-04-20T12:11:09.469254" elapsed="0.000110"/>
</branch>
<status status="PASS" start="2026-04-20T12:11:09.468489" elapsed="0.000898"/>
</try>
<var name="${booking}">{'bookingid': 341}</var>
<status status="PASS" start="2026-04-20T12:11:08.743953" elapsed="0.725453"/>
</iter>
<iter>
<kw name="GET" owner="RequestsLibrary">
<msg time="2026-04-20T12:11:14.189410" level="INFO">GET Request : url=https://restful-booker.herokuapp.com/booking/345 
 path_url=/booking/345 
 headers={'User-Agent': 'python-requests/2.32.5', 'Accept-Encoding': 'gzip, deflate', 'Accept': '*/*', 'Connection': 'keep-alive'} 
 body=None 
 </msg>
<msg time="2026-04-20T12:11:14.189554" level="INFO">GET Response : url=https://restful-booker.herokuapp.com/booking/345 
 status=404, reason=Not Found 
 headers={'Content-Length': '9', 'Content-Type': 'text/plain; charset=utf-8', 'Date': 'Mon, 20 Apr 2026 09:11:13 GMT', 'Etag': 'W/"9-0gXL1ngzMqISxa6S1zx3F4wtLyg"', 'Nel': '{"report_to":"heroku-nel","response_headers":["Via"],"max_age":3600,"success_fraction":0.01,"failure_fraction":0.1}', 'Report-To': '{"group":"heroku-nel","endpoints":[{"url":"https://nel.heroku.com/reports?s=ZinCFpyQwq45Hd%2FZ3cAZXqlZCcPvMN2%2BghSFQIBgNVs%3D\\u0026sid=c46efe9b-d3d2-4a0c-8c76-bfafa16c5add\\u0026ts=1776676269"}],"max_age":3600}', 'Reporting-Endpoints': 'heroku-nel="https://nel.heroku.com/reports?s=ZinCFpyQwq45Hd%2FZ3cAZXqlZCcPvMN2%2BghSFQIBgNVs%3D&amp;sid=c46efe9b-d3d2-4a0c-8c76-bfafa16c5add&amp;ts=1776676269"', 'Server': 'Heroku', 'Via': '1.1 heroku-router', 'X-Powered-By': 'Express'} 
 body=Not Found 
 </msg>
<msg time="2026-04-20T12:11:14.189799" level="FAIL">HTTPError: 404 Client Error: Not Found for url: https://restful-booker.herokuapp.com/booking/345</msg>
<var>${response}</var>
<arg>https://restful-booker.herokuapp.com/booking/${booking}[bookingid]</arg>
<doc>Sends a GET request.</doc>
<status status="FAIL" start="2026-04-20T12:11:09.469608" elapsed="4.768597">HTTPError: 404 Client Error: Not Found for url: https://restful-booker.herokuapp.com/booking/345</status>
</kw>
<try>
<branch type="TRY">
<kw name="Log" owner="BuiltIn">
<arg>${response.json()}</arg>
<doc>Logs the given message with the given level.</doc>
<status status="NOT RUN" start="2026-04-20T12:11:14.238472" elapsed="0.000020"/>
</kw>
<status status="NOT RUN" start="2026-04-20T12:11:14.238355" elapsed="0.000166"/>
</branch>
<branch type="EXCEPT">
<kw name="Log" owner="BuiltIn">
<arg>Cannot retrieve JSON due to invalid data</arg>
<doc>Logs the given message with the given level.</doc>
<status status="NOT RUN" start="2026-04-20T12:11:14.238621" elapsed="0.000015"/>
</kw>
<status status="NOT RUN" start="2026-04-20T12:11:14.238553" elapsed="0.000107"/>
</branch>
<status status="NOT RUN" start="2026-04-20T12:11:14.238316" elapsed="0.000366"/>
</try>
<var name="${booking}">{'bookingid': 345}</var>
<status status="FAIL" start="2026-04-20T12:11:09.469548" elapsed="4.769181">HTTPError: 404 Client Error: Not Found for url: https://restful-booker.herokuapp.com/booking/345</status>
</iter>
<var>${booking}</var>
<value>@{response.json()}</value>
<status status="FAIL" start="2026-04-20T12:09:55.430798" elapsed="78.807980">HTTPError: 404 Client Error: Not Found for url: https://restful-booker.herokuapp.com/booking/345</status>
</for>
<doc>Lukee kaikki varaukset palvelimelta.
Koska *Authenticate as Admin* on määritetty asetuksissa Suite Setup -parametriksi,
suoritetaan se ennen testitapauksia. Jos kirjautuminen on onnistunut, ei kirjautumista
tarvitse suorittaa erikseen jokaisessa testitapauksessa. Tässä testitapauksessa jatketaan
seuraavaksi varausten lukemista palvelimelta. Jos luku onnistuu response.status == 200 ja
testi yritää lukea jokaisen varauksen tiedot erikseen käyttäen FOR-silmukkaa.</doc>
<status status="FAIL" start="2026-04-20T12:09:54.593589" elapsed="79.645850">HTTPError: 404 Client Error: Not Found for url: https://restful-booker.herokuapp.com/booking/345</status>
</test>
<test id="s1-t2" name="Create a Booking at Restful Booker" line="43">
<kw name="Create Dictionary" owner="BuiltIn">
<msg time="2026-04-20T12:11:14.241385" level="INFO">${booking_dates} = {'checkin': '2024-01-01', 'checkout': '2024-04-11'}</msg>
<var>${booking_dates}</var>
<arg>checkin=2024-01-01</arg>
<arg>checkout=2024-04-11</arg>
<doc>Creates and returns a dictionary based on the given ``items``.</doc>
<status status="PASS" start="2026-04-20T12:11:14.240937" elapsed="0.000474"/>
</kw>
<kw name="Create Dictionary" owner="BuiltIn">
<msg time="2026-04-20T12:11:14.242233" level="INFO">${body} = {'firstname': 'Hannu', 'lastname': 'Kuoppanen', 'totalprice': '205', 'depositpaid': 'false', 'bookingdates': {'checkin': '2024-01-01', 'checkout': '2024-04-11'}}</msg>
<var>${body}</var>
<arg>firstname=Hannu</arg>
<arg>lastname=Kuoppanen</arg>
<arg>totalprice=205</arg>
<arg>depositpaid=false</arg>
<arg>bookingdates=${booking_dates}</arg>
<doc>Creates and returns a dictionary based on the given ``items``.</doc>
<status status="PASS" start="2026-04-20T12:11:14.241707" elapsed="0.000565"/>
</kw>
<kw name="POST" owner="RequestsLibrary">
<msg time="2026-04-20T12:11:14.970821" level="INFO">POST Request : url=https://restful-booker.herokuapp.com/booking 
 path_url=/booking 
 headers={'User-Agent': 'python-requests/2.32.5', 'Accept-Encoding': 'gzip, deflate', 'Accept': '*/*', 'Connection': 'keep-alive', 'Content-Length': '161', 'Content-Type': 'application/json'} 
 body=b'{"firstname": "Hannu", "lastname": "Kuoppanen", "totalprice": "205", "depositpaid": "false", "bookingdates": {"checkin": "2024-01-01", "checkout": "2024-04-11"}}' 
 </msg>
<msg time="2026-04-20T12:11:14.970968" level="INFO">POST Response : url=https://restful-booker.herokuapp.com/booking 
 status=200, reason=OK 
 headers={'Content-Length': '171', 'Content-Type': 'application/json; charset=utf-8', 'Date': 'Mon, 20 Apr 2026 09:11:14 GMT', 'Etag': 'W/"ab-1gQI0QxiWZ/fXOneXD83jdSadT0"', 'Nel': '{"report_to":"heroku-nel","response_headers":["Via"],"max_age":3600,"success_fraction":0.01,"failure_fraction":0.1}', 'Report-To': '{"group":"heroku-nel","endpoints":[{"url":"https://nel.heroku.com/reports?s=uNv3AO5VUXzDWmghXTHbHVoZtGoMU4GxBS1CqbhZrWM%3D\\u0026sid=c46efe9b-d3d2-4a0c-8c76-bfafa16c5add\\u0026ts=1776676274"}],"max_age":3600}', 'Reporting-Endpoints': 'heroku-nel="https://nel.heroku.com/reports?s=uNv3AO5VUXzDWmghXTHbHVoZtGoMU4GxBS1CqbhZrWM%3D&amp;sid=c46efe9b-d3d2-4a0c-8c76-bfafa16c5add&amp;ts=1776676274"', 'Server': 'Heroku', 'Via': '1.1 heroku-router', 'X-Powered-By': 'Express'} 
 body={"bookingid":17,"booking":{"firstname":"Hannu","lastname":"Kuoppanen","totalprice":205,"depositpaid":true,"bookingdates":{"checkin":"2024-01-01","checkout":"2024-04-11"}}} 
 </msg>
<msg time="2026-04-20T12:11:14.971135" level="INFO">${response} = &lt;Response [200]&gt;</msg>
<var>${response}</var>
<arg>url=https://restful-booker.herokuapp.com/booking</arg>
<arg>json=${body}</arg>
<doc>Sends a POST request.</doc>
<status status="PASS" start="2026-04-20T12:11:14.242447" elapsed="0.728714"/>
</kw>
<kw name="Set Variable" owner="BuiltIn">
<msg time="2026-04-20T12:11:14.972406" level="INFO">${id} = 17</msg>
<var>${id}</var>
<arg>${response.json()}[bookingid]</arg>
<doc>Returns the given values which can then be assigned to a variables.</doc>
<status status="PASS" start="2026-04-20T12:11:14.971712" elapsed="0.000717"/>
</kw>
<kw name="Set Suite Variable" owner="BuiltIn">
<msg time="2026-04-20T12:11:14.972994" level="INFO">${id} = 17</msg>
<arg>${id}</arg>
<doc>Makes a variable available everywhere within the scope of the current suite.</doc>
<status status="PASS" start="2026-04-20T12:11:14.972676" elapsed="0.000357"/>
</kw>
<kw name="GET" owner="RequestsLibrary">
<msg time="2026-04-20T12:11:15.717522" level="INFO">GET Request : url=https://restful-booker.herokuapp.com/booking/17 
 path_url=/booking/17 
 headers={'User-Agent': 'python-requests/2.32.5', 'Accept-Encoding': 'gzip, deflate', 'Accept': '*/*', 'Connection': 'keep-alive'} 
 body=None 
 </msg>
<msg time="2026-04-20T12:11:15.717634" level="INFO">GET Response : url=https://restful-booker.herokuapp.com/booking/17 
 status=200, reason=OK 
 headers={'Content-Length': '144', 'Content-Type': 'application/json; charset=utf-8', 'Date': 'Mon, 20 Apr 2026 09:11:15 GMT', 'Etag': 'W/"90-Q+xICSouS7hUDTsGPlXkHSjTUR4"', 'Nel': '{"report_to":"heroku-nel","response_headers":["Via"],"max_age":3600,"success_fraction":0.01,"failure_fraction":0.1}', 'Report-To': '{"group":"heroku-nel","endpoints":[{"url":"https://nel.heroku.com/reports?s=zxmdh5SvQm6GPH4zi8upSuj4sPyOt9yLvHia%2FggUQPc%3D\\u0026sid=c46efe9b-d3d2-4a0c-8c76-bfafa16c5add\\u0026ts=1776676275"}],"max_age":3600}', 'Reporting-Endpoints': 'heroku-nel="https://nel.heroku.com/reports?s=zxmdh5SvQm6GPH4zi8upSuj4sPyOt9yLvHia%2FggUQPc%3D&amp;sid=c46efe9b-d3d2-4a0c-8c76-bfafa16c5add&amp;ts=1776676275"', 'Server': 'Heroku', 'Via': '1.1 heroku-router', 'X-Powered-By': 'Express'} 
 body={"firstname":"Hannu","lastname":"Kuoppanen","totalprice":205,"depositpaid":true,"bookingdates":{"checkin":"2024-01-01","checkout":"2024-04-11"}} 
 </msg>
<msg time="2026-04-20T12:11:15.719504" level="INFO">${response} = &lt;Response [200]&gt;</msg>
<var>${response}</var>
<arg>https://restful-booker.herokuapp.com/booking/${id}</arg>
<doc>Sends a GET request.</doc>
<status status="PASS" start="2026-04-20T12:11:14.973247" elapsed="0.746293"/>
</kw>
<kw name="Log" owner="BuiltIn">
<msg time="2026-04-20T12:11:15.720954" level="INFO">{'firstname': 'Hannu', 'lastname': 'Kuoppanen', 'totalprice': 205, 'depositpaid': True, 'bookingdates': {'checkin': '2024-01-01', 'checkout': '2024-04-11'}}</msg>
<arg>${response.json()}</arg>
<doc>Logs the given message with the given level.</doc>
<status status="PASS" start="2026-04-20T12:11:15.720047" elapsed="0.000975"/>
</kw>
<kw name="Should Be Equal" owner="BuiltIn">
<arg>${response.json()}[lastname]</arg>
<arg>Kuoppanen</arg>
<doc>Fails if the given objects are unequal.</doc>
<status status="PASS" start="2026-04-20T12:11:15.721270" elapsed="0.000466"/>
</kw>
<kw name="Should Be Equal" owner="BuiltIn">
<arg>${response.json()}[firstname]</arg>
<arg>Hannu</arg>
<doc>Fails if the given objects are unequal.</doc>
<status status="PASS" start="2026-04-20T12:11:15.721955" elapsed="0.000482"/>
</kw>
<kw name="Should Be Equal As Numbers" owner="BuiltIn">
<msg time="2026-04-20T12:11:15.723320" level="INFO">Argument types are:
&lt;class 'int'&gt;
&lt;class 'str'&gt;</msg>
<arg>${response.json()}[totalprice]</arg>
<arg>205</arg>
<doc>Fails if objects are unequal after converting them to real numbers.</doc>
<status status="PASS" start="2026-04-20T12:11:15.722886" elapsed="0.000494"/>
</kw>
<kw name="Dictionary Should Contain Value" owner="Collections">
<arg>${response.json()}</arg>
<arg>Kuoppanen</arg>
<doc>Fails if ``value`` is not found from ``dictionary``.</doc>
<status status="PASS" start="2026-04-20T12:11:15.723528" elapsed="0.000419"/>
</kw>
<doc>Luodaan uusi varaus palvelimelle.
Testi luo uuden varauksen palvelimelle ja tämän jälkeen testaa, että varaus löytyy
järjestelmästä.</doc>
<status status="PASS" start="2026-04-20T12:11:14.240248" elapsed="1.483906"/>
</test>
<test id="s1-t3" name="Delete Booking" line="66">
<kw name="Create Dictionary" owner="BuiltIn">
<msg time="2026-04-20T12:11:15.725224" level="INFO">${header} = {'Cookie': 'token=86a53cbf7602195'}</msg>
<var>${header}</var>
<arg>Cookie=token\=${token}</arg>
<doc>Creates and returns a dictionary based on the given ``items``.</doc>
<status status="PASS" start="2026-04-20T12:11:15.724880" elapsed="0.000378"/>
</kw>
<kw name="DELETE" owner="RequestsLibrary">
<msg time="2026-04-20T12:11:16.445634" level="INFO">DELETE Request : url=https://restful-booker.herokuapp.com/booking/17 
 path_url=/booking/17 
 headers={'User-Agent': 'python-requests/2.32.5', 'Accept-Encoding': 'gzip, deflate', 'Accept': '*/*', 'Connection': 'keep-alive', 'Cookie': 'token=86a53cbf7602195', 'Content-Length': '0'} 
 body=None 
 </msg>
<msg time="2026-04-20T12:11:16.445773" level="INFO">DELETE Response : url=https://restful-booker.herokuapp.com/booking/17 
 status=403, reason=Forbidden 
 headers={'Content-Length': '9', 'Content-Type': 'text/plain; charset=utf-8', 'Date': 'Mon, 20 Apr 2026 09:11:16 GMT', 'Etag': 'W/"9-PatfYBLj4Um1qTm5zrukoLhNyPU"', 'Nel': '{"report_to":"heroku-nel","response_headers":["Via"],"max_age":3600,"success_fraction":0.01,"failure_fraction":0.1}', 'Report-To': '{"group":"heroku-nel","endpoints":[{"url":"https://nel.heroku.com/reports?s=1QG5nZLGVAoyRkQYnsECiY81b2hykNBj2xqnSImyLps%3D\\u0026sid=c46efe9b-d3d2-4a0c-8c76-bfafa16c5add\\u0026ts=1776676276"}],"max_age":3600}', 'Reporting-Endpoints': 'heroku-nel="https://nel.heroku.com/reports?s=1QG5nZLGVAoyRkQYnsECiY81b2hykNBj2xqnSImyLps%3D&amp;sid=c46efe9b-d3d2-4a0c-8c76-bfafa16c5add&amp;ts=1776676276"', 'Server': 'Heroku', 'Via': '1.1 heroku-router', 'X-Powered-By': 'Express'} 
 body=Forbidden 
 </msg>
<msg time="2026-04-20T12:11:16.445939" level="FAIL">HTTPError: 403 Client Error: Forbidden for url: https://restful-booker.herokuapp.com/booking/17</msg>
<var>${response}</var>
<arg>url=https://restful-booker.herokuapp.com/booking/${id}</arg>
<arg>headers=${header}</arg>
<doc>Sends a DELETE request.</doc>
<status status="FAIL" start="2026-04-20T12:11:15.725605" elapsed="0.721360">HTTPError: 403 Client Error: Forbidden for url: https://restful-booker.herokuapp.com/booking/17</status>
</kw>
<kw name="Status Should Be" owner="RequestsLibrary">
<arg>201</arg>
<arg>${response}</arg>
<doc>Fails if response status code is different than the expected.</doc>
<status status="NOT RUN" start="2026-04-20T12:11:16.447561" elapsed="0.000043"/>
</kw>
<doc>Poista varaus palvelimelta.</doc>
<status status="FAIL" start="2026-04-20T12:11:15.724509" elapsed="0.723490">HTTPError: 403 Client Error: Forbidden for url: https://restful-booker.herokuapp.com/booking/17</status>
</test>
<status status="FAIL" start="2026-04-20T12:09:53.505416" elapsed="82.943749"/>
</suite>
<statistics>
<total>
<stat pass="1" fail="2" skip="0">All Tests</stat>
</total>
<tag>
</tag>
<suite>
<stat name="Requests Demo3" id="s1" pass="1" fail="2" skip="0">Requests Demo3</stat>
</suite>
</statistics>
<errors>
</errors>
</robot>
